{"/home/travis/build/npmtest/node-npmtest-hbase-client/test.js":{"path":"/home/travis/build/npmtest/node-npmtest-hbase-client/test.js","s":{"1":2,"2":2,"3":2,"4":2,"5":2,"6":2,"7":2,"8":1,"9":2,"10":2,"11":1,"12":1,"13":1,"14":1,"15":2,"16":2,"17":2,"18":2,"19":1,"20":1,"21":2,"22":2,"23":2,"24":1,"25":1,"26":1,"27":1,"28":1,"29":1,"30":1,"31":1,"32":1,"33":1,"34":1,"35":1,"36":1,"37":1,"38":1,"39":2,"40":2,"41":1,"42":2,"43":2,"44":1,"45":2,"46":2,"47":1,"48":2,"49":2,"50":1,"51":1,"52":1,"53":1,"54":1},"b":{"1":[2,1,1,1],"2":[1,1,1,1],"3":[1,1],"4":[1,1],"5":[1,1],"6":[1,1],"7":[1,1],"8":[1,1],"9":[1,1],"10":[1,1,1],"11":[1,1],"12":[1,1],"13":[1,1],"14":[1,1],"15":[1,1],"16":[1,1],"17":[1,1]},"f":{"1":2,"2":2,"3":2,"4":2,"5":2,"6":1,"7":1,"8":1,"9":2,"10":2,"11":2,"12":2,"13":1},"fnMap":{"1":{"name":"(anonymous_1)","line":12,"loc":{"start":{"line":12,"column":1},"end":{"line":12,"column":13}}},"2":{"name":"(anonymous_2)","line":19,"loc":{"start":{"line":19,"column":5},"end":{"line":19,"column":17}}},"3":{"name":"(anonymous_3)","line":23,"loc":{"start":{"line":23,"column":24},"end":{"line":23,"column":36}}},"4":{"name":"(anonymous_4)","line":61,"loc":{"start":{"line":61,"column":5},"end":{"line":61,"column":17}}},"5":{"name":"(anonymous_5)","line":82,"loc":{"start":{"line":82,"column":5},"end":{"line":82,"column":17}}},"6":{"name":"(anonymous_6)","line":91,"loc":{"start":{"line":91,"column":77},"end":{"line":94,"column":10}}},"7":{"name":"(anonymous_7)","line":112,"loc":{"start":{"line":112,"column":83},"end":{"line":115,"column":10}},"skip":true},"8":{"name":"(anonymous_8)","line":123,"loc":{"start":{"line":123,"column":77},"end":{"line":126,"column":10}},"skip":true},"9":{"name":"(anonymous_9)","line":139,"loc":{"start":{"line":139,"column":12},"end":{"line":139,"column":40}},"skip":true},"10":{"name":"(anonymous_10)","line":147,"loc":{"start":{"line":147,"column":77},"end":{"line":150,"column":10}},"skip":true},"11":{"name":"(anonymous_11)","line":158,"loc":{"start":{"line":158,"column":83},"end":{"line":161,"column":10}},"skip":true},"12":{"name":"(anonymous_12)","line":169,"loc":{"start":{"line":169,"column":79},"end":{"line":172,"column":10}},"skip":true},"13":{"name":"(anonymous_13)","line":180,"loc":{"start":{"line":180,"column":75},"end":{"line":183,"column":10}},"skip":true}},"statementMap":{"1":{"start":{"line":12,"column":0},"end":{"line":195,"column":5}},"2":{"start":{"line":14,"column":4},"end":{"line":14,"column":14}},"3":{"start":{"line":19,"column":4},"end":{"line":56,"column":9}},"4":{"start":{"line":21,"column":8},"end":{"line":21,"column":19}},"5":{"start":{"line":23,"column":8},"end":{"line":35,"column":13}},"6":{"start":{"line":24,"column":12},"end":{"line":34,"column":13}},"7":{"start":{"line":25,"column":16},"end":{"line":28,"column":30}},"8":{"start":{"line":30,"column":16},"end":{"line":33,"column":27}},"9":{"start":{"line":37,"column":8},"end":{"line":39,"column":21}},"10":{"start":{"line":40,"column":8},"end":{"line":53,"column":9}},"11":{"start":{"line":43,"column":12},"end":{"line":46,"column":14}},"12":{"start":{"line":47,"column":12},"end":{"line":47,"column":18}},"13":{"start":{"line":50,"column":12},"end":{"line":51,"column":33}},"14":{"start":{"line":52,"column":12},"end":{"line":52,"column":18}},"15":{"start":{"line":55,"column":8},"end":{"line":55,"column":35}},"16":{"start":{"line":61,"column":4},"end":{"line":63,"column":9}},"17":{"start":{"line":62,"column":8},"end":{"line":62,"column":15}},"18":{"start":{"line":64,"column":4},"end":{"line":77,"column":5}},"19":{"start":{"line":70,"column":8},"end":{"line":70,"column":14}},"20":{"start":{"line":76,"column":8},"end":{"line":76,"column":14}},"21":{"start":{"line":82,"column":4},"end":{"line":84,"column":9}},"22":{"start":{"line":83,"column":8},"end":{"line":83,"column":15}},"23":{"start":{"line":85,"column":4},"end":{"line":194,"column":5}},"24":{"start":{"line":91,"column":8},"end":{"line":99,"column":10}},"25":{"start":{"line":98,"column":12},"end":{"line":98,"column":35}},"26":{"start":{"line":102,"column":8},"end":{"line":104,"column":63}},"27":{"start":{"line":105,"column":8},"end":{"line":105,"column":14}},"28":{"start":{"line":112,"column":8},"end":{"line":121,"column":10},"skip":true},"29":{"start":{"line":119,"column":12},"end":{"line":119,"column":55},"skip":true},"30":{"start":{"line":120,"column":12},"end":{"line":120,"column":48},"skip":true},"31":{"start":{"line":123,"column":8},"end":{"line":136,"column":10},"skip":true},"32":{"start":{"line":130,"column":12},"end":{"line":130,"column":76},"skip":true},"33":{"start":{"line":131,"column":12},"end":{"line":131,"column":73},"skip":true},"34":{"start":{"line":132,"column":12},"end":{"line":132,"column":74},"skip":true},"35":{"start":{"line":133,"column":12},"end":{"line":133,"column":79},"skip":true},"36":{"start":{"line":134,"column":12},"end":{"line":134,"column":25},"skip":true},"37":{"start":{"line":135,"column":12},"end":{"line":135,"column":45},"skip":true},"38":{"start":{"line":138,"column":8},"end":{"line":145,"column":14},"skip":true},"39":{"start":{"line":143,"column":16},"end":{"line":143,"column":29},"skip":true},"40":{"start":{"line":144,"column":16},"end":{"line":144,"column":55},"skip":true},"41":{"start":{"line":147,"column":8},"end":{"line":156,"column":10},"skip":true},"42":{"start":{"line":154,"column":12},"end":{"line":154,"column":25},"skip":true},"43":{"start":{"line":155,"column":12},"end":{"line":155,"column":45},"skip":true},"44":{"start":{"line":158,"column":8},"end":{"line":167,"column":10},"skip":true},"45":{"start":{"line":165,"column":12},"end":{"line":165,"column":25},"skip":true},"46":{"start":{"line":166,"column":12},"end":{"line":166,"column":48},"skip":true},"47":{"start":{"line":169,"column":8},"end":{"line":178,"column":10},"skip":true},"48":{"start":{"line":176,"column":12},"end":{"line":176,"column":25},"skip":true},"49":{"start":{"line":177,"column":12},"end":{"line":177,"column":46},"skip":true},"50":{"start":{"line":180,"column":8},"end":{"line":189,"column":10},"skip":true},"51":{"start":{"line":187,"column":12},"end":{"line":187,"column":94},"skip":true},"52":{"start":{"line":188,"column":12},"end":{"line":188,"column":48},"skip":true},"53":{"start":{"line":192,"column":8},"end":{"line":192,"column":35},"skip":true},"54":{"start":{"line":193,"column":8},"end":{"line":193,"column":14},"skip":true}},"branchMap":{"1":{"line":25,"type":"binary-expr","locations":[{"start":{"line":25,"column":23},"end":{"line":25,"column":62}},{"start":{"line":26,"column":20},"end":{"line":26,"column":70}},{"start":{"line":27,"column":20},"end":{"line":27,"column":71}},{"start":{"line":28,"column":20},"end":{"line":28,"column":29}}]},"2":{"line":30,"type":"binary-expr","locations":[{"start":{"line":30,"column":23},"end":{"line":30,"column":37}},{"start":{"line":31,"column":20},"end":{"line":31,"column":61}},{"start":{"line":32,"column":20},"end":{"line":32,"column":70}},{"start":{"line":33,"column":20},"end":{"line":33,"column":26}}]},"3":{"line":37,"type":"cond-expr","locations":[{"start":{"line":38,"column":14},"end":{"line":38,"column":20}},{"start":{"line":39,"column":14},"end":{"line":39,"column":20}}]},"4":{"line":40,"type":"switch","locations":[{"start":{"line":42,"column":8},"end":{"line":47,"column":18}},{"start":{"line":49,"column":8},"end":{"line":52,"column":18}}]},"5":{"line":44,"type":"binary-expr","locations":[{"start":{"line":44,"column":16},"end":{"line":44,"column":44}},{"start":{"line":44,"column":48},"end":{"line":44,"column":66}}]},"6":{"line":50,"type":"binary-expr","locations":[{"start":{"line":50,"column":21},"end":{"line":50,"column":49}},{"start":{"line":50,"column":53},"end":{"line":50,"column":72}}]},"7":{"line":64,"type":"switch","locations":[{"start":{"line":69,"column":4},"end":{"line":70,"column":14}},{"start":{"line":75,"column":4},"end":{"line":76,"column":14}}]},"8":{"line":85,"type":"switch","locations":[{"start":{"line":90,"column":4},"end":{"line":105,"column":14}},{"start":{"line":111,"column":4},"end":{"line":193,"column":14},"skip":true}]},"9":{"line":91,"type":"binary-expr","locations":[{"start":{"line":91,"column":42},"end":{"line":91,"column":73}},{"start":{"line":91,"column":77},"end":{"line":99,"column":9}}]},"10":{"line":102,"type":"binary-expr","locations":[{"start":{"line":102,"column":18},"end":{"line":102,"column":32}},{"start":{"line":103,"column":12},"end":{"line":103,"column":53}},{"start":{"line":104,"column":12},"end":{"line":104,"column":61}}]},"11":{"line":112,"type":"binary-expr","locations":[{"start":{"line":112,"column":45},"end":{"line":112,"column":79},"skip":true},{"start":{"line":112,"column":83},"end":{"line":121,"column":9},"skip":true}]},"12":{"line":123,"type":"binary-expr","locations":[{"start":{"line":123,"column":42},"end":{"line":123,"column":73},"skip":true},{"start":{"line":123,"column":77},"end":{"line":136,"column":9},"skip":true}]},"13":{"line":138,"type":"binary-expr","locations":[{"start":{"line":138,"column":48},"end":{"line":138,"column":85},"skip":true},{"start":{"line":139,"column":12},"end":{"line":145,"column":13},"skip":true}]},"14":{"line":147,"type":"binary-expr","locations":[{"start":{"line":147,"column":42},"end":{"line":147,"column":73},"skip":true},{"start":{"line":147,"column":77},"end":{"line":156,"column":9},"skip":true}]},"15":{"line":158,"type":"binary-expr","locations":[{"start":{"line":158,"column":45},"end":{"line":158,"column":79},"skip":true},{"start":{"line":158,"column":83},"end":{"line":167,"column":9},"skip":true}]},"16":{"line":169,"type":"binary-expr","locations":[{"start":{"line":169,"column":43},"end":{"line":169,"column":75},"skip":true},{"start":{"line":169,"column":79},"end":{"line":178,"column":9},"skip":true}]},"17":{"line":180,"type":"binary-expr","locations":[{"start":{"line":180,"column":41},"end":{"line":180,"column":71},"skip":true},{"start":{"line":180,"column":75},"end":{"line":189,"column":9},"skip":true}]}},"code":["/* istanbul instrument in package npmtest_hbase_client */","/*jslint","    bitwise: true,","    browser: true,","    maxerr: 8,","    maxlen: 96,","    node: true,","    nomen: true,","    regexp: true,","    stupid: true","*/","(function () {","    'use strict';","    var local;","","","","    // run shared js-env code - pre-init","    (function () {","        // init local","        local = {};","        // init modeJs","        local.modeJs = (function () {","            try {","                return typeof navigator.userAgent === 'string' &&","                    typeof document.querySelector('body') === 'object' &&","                    typeof XMLHttpRequest.prototype.open === 'function' &&","                    'browser';","            } catch (errorCaughtBrowser) {","                return module.exports &&","                    typeof process.versions.node === 'string' &&","                    typeof require('http').createServer === 'function' &&","                    'node';","            }","        }());","        // init global","        local.global = local.modeJs === 'browser'","            ? window","            : global;","        switch (local.modeJs) {","        // re-init local from window.local","        case 'browser':","            local = local.global.utility2.objectSetDefault(","                local.global.utility2_rollup || local.global.local,","                local.global.utility2","            );","            break;","        // re-init local from example.js","        case 'node':","            local = (local.global.utility2_rollup || require('utility2'))","                .requireReadme();","            break;","        }","        // export local","        local.global.local = local;","    }());","","","","    // run shared js-env code - function","    (function () {","        return;","    }());","    switch (local.modeJs) {","","","","    // run browser js-env code - function","    case 'browser':","        break;","","","","    // run node js-env code - function","    case 'node':","        break;","    }","","","","    // run shared js-env code - post-init","    (function () {","        return;","    }());","    switch (local.modeJs) {","","","","    // run browser js-env code - post-init","    case 'browser':","        local.testCase_browser_nullCase = local.testCase_browser_nullCase || function (","            options,","            onError","        ) {","        /*","         * this function will test browsers's null-case handling-behavior-behavior","         */","            onError(null, options);","        };","","        // run tests","        local.nop(local.modeTest &&","            document.querySelector('#testRunButton1') &&","            document.querySelector('#testRunButton1').click());","        break;","","","","    // run node js-env code - post-init","    /* istanbul ignore next */","    case 'node':","        local.testCase_buildApidoc_default = local.testCase_buildApidoc_default || function (","            options,","            onError","        ) {","        /*","         * this function will test buildApidoc's default handling-behavior-behavior","         */","            options = { modulePathList: module.paths };","            local.buildApidoc(options, onError);","        };","","        local.testCase_buildApp_default = local.testCase_buildApp_default || function (","            options,","            onError","        ) {","        /*","         * this function will test buildApp's default handling-behavior-behavior","         */","            local.testCase_buildReadme_default(options, local.onErrorThrow);","            local.testCase_buildLib_default(options, local.onErrorThrow);","            local.testCase_buildTest_default(options, local.onErrorThrow);","            local.testCase_buildCustomOrg_default(options, local.onErrorThrow);","            options = [];","            local.buildApp(options, onError);","        };","","        local.testCase_buildCustomOrg_default = local.testCase_buildCustomOrg_default ||","            function (options, onError) {","            /*","             * this function will test buildCustomOrg's default handling-behavior","             */","                options = {};","                local.buildCustomOrg(options, onError);","            };","","        local.testCase_buildLib_default = local.testCase_buildLib_default || function (","            options,","            onError","        ) {","        /*","         * this function will test buildLib's default handling-behavior","         */","            options = {};","            local.buildLib(options, onError);","        };","","        local.testCase_buildReadme_default = local.testCase_buildReadme_default || function (","            options,","            onError","        ) {","        /*","         * this function will test buildReadme's default handling-behavior-behavior","         */","            options = {};","            local.buildReadme(options, onError);","        };","","        local.testCase_buildTest_default = local.testCase_buildTest_default || function (","            options,","            onError","        ) {","        /*","         * this function will test buildTest's default handling-behavior","         */","            options = {};","            local.buildTest(options, onError);","        };","","        local.testCase_webpage_default = local.testCase_webpage_default || function (","            options,","            onError","        ) {","        /*","         * this function will test webpage's default handling-behavior","         */","            options = { modeCoverageMerge: true, url: local.serverLocalHost + '?modeTest=1' };","            local.browserTest(options, onError);","        };","","        // run test-server","        local.testRunServer(local);","        break;","    }","}());",""],"l":{"12":2,"14":2,"19":2,"21":2,"23":2,"24":2,"25":2,"30":1,"37":2,"40":2,"43":1,"47":1,"50":1,"52":1,"55":2,"61":2,"62":2,"64":2,"70":1,"76":1,"82":2,"83":2,"85":2,"91":1,"98":1,"102":1,"105":1,"112":1,"119":1,"120":1,"123":1,"130":1,"131":1,"132":1,"133":1,"134":1,"135":1,"138":1,"143":2,"144":2,"147":1,"154":2,"155":2,"158":1,"165":2,"166":2,"169":1,"176":2,"177":2,"180":1,"187":1,"188":1,"192":1,"193":1}},"/home/travis/build/npmtest/node-npmtest-hbase-client/lib.npmtest_hbase_client.js":{"path":"/home/travis/build/npmtest/node-npmtest-hbase-client/lib.npmtest_hbase_client.js","s":{"1":2,"2":2,"3":2,"4":2,"5":2,"6":2,"7":2,"8":1,"9":2,"10":2,"11":2,"12":2,"13":1,"14":1,"15":1,"16":1},"b":{"1":[2,1,1,1],"2":[1,1,1,1],"3":[1,1],"4":[2,2],"5":[1,1]},"f":{"1":2,"2":2,"3":2},"fnMap":{"1":{"name":"(anonymous_1)","line":12,"loc":{"start":{"line":12,"column":1},"end":{"line":12,"column":13}}},"2":{"name":"(anonymous_2)","line":19,"loc":{"start":{"line":19,"column":5},"end":{"line":19,"column":17}}},"3":{"name":"(anonymous_3)","line":23,"loc":{"start":{"line":23,"column":24},"end":{"line":23,"column":36}}}},"statementMap":{"1":{"start":{"line":12,"column":0},"end":{"line":53,"column":5}},"2":{"start":{"line":14,"column":4},"end":{"line":14,"column":14}},"3":{"start":{"line":19,"column":4},"end":{"line":52,"column":9}},"4":{"start":{"line":21,"column":8},"end":{"line":21,"column":19}},"5":{"start":{"line":23,"column":8},"end":{"line":35,"column":13}},"6":{"start":{"line":24,"column":12},"end":{"line":34,"column":13}},"7":{"start":{"line":25,"column":16},"end":{"line":28,"column":30}},"8":{"start":{"line":30,"column":16},"end":{"line":33,"column":27}},"9":{"start":{"line":37,"column":8},"end":{"line":39,"column":21}},"10":{"start":{"line":41,"column":8},"end":{"line":41,"column":54}},"11":{"start":{"line":43,"column":8},"end":{"line":43,"column":57}},"12":{"start":{"line":45,"column":8},"end":{"line":51,"column":9}},"13":{"start":{"line":46,"column":12},"end":{"line":46,"column":63}},"14":{"start":{"line":48,"column":12},"end":{"line":48,"column":35}},"15":{"start":{"line":49,"column":12},"end":{"line":49,"column":49}},"16":{"start":{"line":50,"column":12},"end":{"line":50,"column":43}}},"branchMap":{"1":{"line":25,"type":"binary-expr","locations":[{"start":{"line":25,"column":23},"end":{"line":25,"column":62}},{"start":{"line":26,"column":20},"end":{"line":26,"column":70}},{"start":{"line":27,"column":20},"end":{"line":27,"column":71}},{"start":{"line":28,"column":20},"end":{"line":28,"column":29}}]},"2":{"line":30,"type":"binary-expr","locations":[{"start":{"line":30,"column":23},"end":{"line":30,"column":37}},{"start":{"line":31,"column":20},"end":{"line":31,"column":61}},{"start":{"line":32,"column":20},"end":{"line":32,"column":70}},{"start":{"line":33,"column":20},"end":{"line":33,"column":26}}]},"3":{"line":37,"type":"cond-expr","locations":[{"start":{"line":38,"column":14},"end":{"line":38,"column":20}},{"start":{"line":39,"column":14},"end":{"line":39,"column":20}}]},"4":{"line":41,"type":"binary-expr","locations":[{"start":{"line":41,"column":16},"end":{"line":41,"column":44}},{"start":{"line":41,"column":48},"end":{"line":41,"column":53}}]},"5":{"line":45,"type":"if","locations":[{"start":{"line":45,"column":8},"end":{"line":45,"column":8}},{"start":{"line":45,"column":8},"end":{"line":45,"column":8}}]}},"code":["/* istanbul instrument in package npmtest_hbase_client */","/*jslint","    bitwise: true,","    browser: true,","    maxerr: 8,","    maxlen: 96,","    node: true,","    nomen: true,","    regexp: true,","    stupid: true","*/","(function () {","    'use strict';","    var local;","","","","    // run shared js-env code - pre-init","    (function () {","        // init local","        local = {};","        // init modeJs","        local.modeJs = (function () {","            try {","                return typeof navigator.userAgent === 'string' &&","                    typeof document.querySelector('body') === 'object' &&","                    typeof XMLHttpRequest.prototype.open === 'function' &&","                    'browser';","            } catch (errorCaughtBrowser) {","                return module.exports &&","                    typeof process.versions.node === 'string' &&","                    typeof require('http').createServer === 'function' &&","                    'node';","            }","        }());","        // init global","        local.global = local.modeJs === 'browser'","            ? window","            : global;","        // init utility2_rollup","        local = local.global.utility2_rollup || local;","        // init lib","        local.local = local.npmtest_hbase_client = local;","        // init exports","        if (local.modeJs === 'browser') {","            local.global.utility2_npmtest_hbase_client = local;","        } else {","            module.exports = local;","            module.exports.__dirname = __dirname;","            module.exports.module = module;","        }","    }());","}());",""],"l":{"12":2,"14":2,"19":2,"21":2,"23":2,"24":2,"25":2,"30":1,"37":2,"41":2,"43":2,"45":2,"46":1,"48":1,"49":1,"50":1}},"/home/travis/build/npmtest/node-npmtest-hbase-client/example.js":{"path":"/home/travis/build/npmtest/node-npmtest-hbase-client/example.js","s":{"1":2,"2":2,"3":2,"4":2,"5":2,"6":2,"7":2,"8":1,"9":2,"10":2,"11":2,"12":2,"13":1,"14":2,"15":2,"16":2,"17":2,"18":2,"19":0,"20":2,"21":1,"22":1,"23":1,"24":1,"25":1,"26":0,"27":0,"28":1,"29":1,"30":2,"31":0,"32":0,"33":0,"34":1,"35":2,"36":2,"37":3,"38":3,"39":3,"40":3,"41":0,"42":3,"43":3,"44":3,"45":1,"46":3,"47":1,"48":1,"49":1,"50":1,"51":1,"52":1,"53":1,"54":1,"55":1,"56":1,"57":0,"58":1,"59":6,"60":6,"61":1,"62":2,"63":0,"64":2,"65":1,"66":1,"67":0,"68":0,"69":0,"70":0,"71":0,"72":0,"73":0,"74":0,"75":0,"76":0,"77":0,"78":0,"79":0,"80":0,"81":0,"82":0,"83":0},"b":{"1":[2,1,1,1],"2":[1,1,1,1],"3":[1,1],"4":[2,2],"5":[1,1],"6":[1,1],"7":[2,0],"8":[2,1,1,1,1,1],"9":[0,2,0],"10":[1,1],"11":[2,1,1],"12":[1,0],"13":[0,2],"14":[2,0,0,0,0,0,0],"15":[0,3],"16":[3,0],"17":[1,1],"18":[0,1],"19":[1,2,0,2],"20":[1,0],"21":[1,1],"22":[0,0],"23":[0,0],"24":[0,0],"25":[0,0],"26":[0,0],"27":[0,0],"28":[0,0]},"f":{"1":2,"2":2,"3":2,"4":2,"5":2,"6":2,"7":3,"8":3,"9":3,"10":1,"11":6,"12":0},"fnMap":{"1":{"name":"(anonymous_1)","line":26,"loc":{"start":{"line":26,"column":1},"end":{"line":26,"column":13}}},"2":{"name":"(anonymous_2)","line":33,"loc":{"start":{"line":33,"column":5},"end":{"line":33,"column":17}}},"3":{"name":"(anonymous_3)","line":37,"loc":{"start":{"line":37,"column":24},"end":{"line":37,"column":36}}},"4":{"name":"(anonymous_4)","line":69,"loc":{"start":{"line":69,"column":31},"end":{"line":69,"column":48}},"skip":true},"5":{"name":"(anonymous_5)","line":78,"loc":{"start":{"line":78,"column":26},"end":{"line":78,"column":45}},"skip":true},"6":{"name":"(anonymous_6)","line":123,"loc":{"start":{"line":123,"column":33},"end":{"line":123,"column":48}},"skip":true},"7":{"name":"(anonymous_7)","line":125,"loc":{"start":{"line":125,"column":27},"end":{"line":125,"column":39}},"skip":true},"8":{"name":"(anonymous_8)","line":133,"loc":{"start":{"line":133,"column":59},"end":{"line":133,"column":74}},"skip":true},"9":{"name":"(anonymous_9)","line":143,"loc":{"start":{"line":143,"column":45},"end":{"line":143,"column":62}},"skip":true},"10":{"name":"(anonymous_10)","line":144,"loc":{"start":{"line":144,"column":73},"end":{"line":144,"column":92}},"skip":true},"11":{"name":"(anonymous_11)","line":272,"loc":{"start":{"line":272,"column":51},"end":{"line":272,"column":77}},"skip":true},"12":{"name":"(anonymous_12)","line":315,"loc":{"start":{"line":315,"column":32},"end":{"line":315,"column":61}},"skip":true}},"statementMap":{"1":{"start":{"line":26,"column":0},"end":{"line":326,"column":5}},"2":{"start":{"line":28,"column":4},"end":{"line":28,"column":14}},"3":{"start":{"line":33,"column":4},"end":{"line":60,"column":9}},"4":{"start":{"line":35,"column":8},"end":{"line":35,"column":19}},"5":{"start":{"line":37,"column":8},"end":{"line":49,"column":13}},"6":{"start":{"line":38,"column":12},"end":{"line":48,"column":13}},"7":{"start":{"line":39,"column":16},"end":{"line":42,"column":30}},"8":{"start":{"line":44,"column":16},"end":{"line":47,"column":27}},"9":{"start":{"line":51,"column":8},"end":{"line":53,"column":21}},"10":{"start":{"line":55,"column":8},"end":{"line":57,"column":45}},"11":{"start":{"line":59,"column":8},"end":{"line":59,"column":35}},"12":{"start":{"line":61,"column":4},"end":{"line":325,"column":5}},"13":{"start":{"line":69,"column":8},"end":{"line":121,"column":10},"skip":true},"14":{"start":{"line":70,"column":12},"end":{"line":88,"column":13},"skip":true},"15":{"start":{"line":76,"column":16},"end":{"line":87,"column":19},"skip":true},"16":{"start":{"line":79,"column":20},"end":{"line":86,"column":21},"skip":true},"17":{"start":{"line":82,"column":24},"end":{"line":82,"column":43},"skip":true},"18":{"start":{"line":83,"column":24},"end":{"line":83,"column":30},"skip":true},"19":{"start":{"line":85,"column":24},"end":{"line":85,"column":49},"skip":true},"20":{"start":{"line":89,"column":12},"end":{"line":107,"column":13},"skip":true},"21":{"start":{"line":92,"column":16},"end":{"line":102,"column":17},"skip":true},"22":{"start":{"line":93,"column":20},"end":{"line":93,"column":86},"skip":true},"23":{"start":{"line":94,"column":20},"end":{"line":95,"column":45},"skip":true},"24":{"start":{"line":96,"column":20},"end":{"line":96,"column":42},"skip":true},"25":{"start":{"line":97,"column":20},"end":{"line":97,"column":48},"skip":true},"26":{"start":{"line":100,"column":20},"end":{"line":100,"column":85},"skip":true},"27":{"start":{"line":101,"column":20},"end":{"line":101,"column":96},"skip":true},"28":{"start":{"line":103,"column":16},"end":{"line":103,"column":22},"skip":true},"29":{"start":{"line":106,"column":16},"end":{"line":106,"column":22},"skip":true},"30":{"start":{"line":108,"column":12},"end":{"line":120,"column":13},"skip":true},"31":{"start":{"line":114,"column":16},"end":{"line":119,"column":17},"skip":true},"32":{"start":{"line":116,"column":20},"end":{"line":116,"column":78},"skip":true},"33":{"start":{"line":118,"column":20},"end":{"line":118,"column":47},"skip":true},"34":{"start":{"line":123,"column":8},"end":{"line":141,"column":11},"skip":true},"35":{"start":{"line":124,"column":12},"end":{"line":124,"column":54},"skip":true},"36":{"start":{"line":125,"column":12},"end":{"line":140,"column":14},"skip":true},"37":{"start":{"line":126,"column":16},"end":{"line":126,"column":28},"skip":true},"38":{"start":{"line":127,"column":16},"end":{"line":127,"column":69},"skip":true},"39":{"start":{"line":128,"column":16},"end":{"line":128,"column":75},"skip":true},"40":{"start":{"line":129,"column":16},"end":{"line":131,"column":17},"skip":true},"41":{"start":{"line":130,"column":20},"end":{"line":130,"column":27},"skip":true},"42":{"start":{"line":133,"column":16},"end":{"line":137,"column":36},"skip":true},"43":{"start":{"line":134,"column":20},"end":{"line":136,"column":55},"skip":true},"44":{"start":{"line":139,"column":16},"end":{"line":139,"column":57},"skip":true},"45":{"start":{"line":143,"column":8},"end":{"line":147,"column":11},"skip":true},"46":{"start":{"line":144,"column":12},"end":{"line":146,"column":15},"skip":true},"47":{"start":{"line":145,"column":16},"end":{"line":145,"column":70},"skip":true},"48":{"start":{"line":149,"column":8},"end":{"line":149,"column":31},"skip":true},"49":{"start":{"line":150,"column":8},"end":{"line":150,"column":14},"skip":true},"50":{"start":{"line":158,"column":8},"end":{"line":158,"column":31},"skip":true},"51":{"start":{"line":160,"column":8},"end":{"line":160,"column":33},"skip":true},"52":{"start":{"line":161,"column":8},"end":{"line":161,"column":37},"skip":true},"53":{"start":{"line":162,"column":8},"end":{"line":162,"column":35},"skip":true},"54":{"start":{"line":164,"column":8},"end":{"line":164,"column":50},"skip":true},"55":{"start":{"line":166,"column":8},"end":{"line":256,"column":2},"skip":true},"56":{"start":{"line":258,"column":8},"end":{"line":286,"column":9},"skip":true},"57":{"start":{"line":259,"column":12},"end":{"line":269,"column":14},"skip":true},"58":{"start":{"line":271,"column":12},"end":{"line":285,"column":19},"skip":true},"59":{"start":{"line":274,"column":20},"end":{"line":274,"column":35},"skip":true},"60":{"start":{"line":275,"column":20},"end":{"line":284,"column":21},"skip":true},"61":{"start":{"line":277,"column":24},"end":{"line":277,"column":64},"skip":true},"62":{"start":{"line":279,"column":24},"end":{"line":279,"column":40},"skip":true},"63":{"start":{"line":281,"column":24},"end":{"line":281,"column":40},"skip":true},"64":{"start":{"line":283,"column":24},"end":{"line":283,"column":39},"skip":true},"65":{"start":{"line":288,"column":8},"end":{"line":290,"column":9},"skip":true},"66":{"start":{"line":289,"column":12},"end":{"line":289,"column":18},"skip":true},"67":{"start":{"line":291,"column":8},"end":{"line":293,"column":54},"skip":true},"68":{"start":{"line":296,"column":8},"end":{"line":301,"column":37},"skip":true},"69":{"start":{"line":303,"column":8},"end":{"line":303,"column":82},"skip":true},"70":{"start":{"line":306,"column":8},"end":{"line":308,"column":9},"skip":true},"71":{"start":{"line":307,"column":12},"end":{"line":307,"column":82},"skip":true},"72":{"start":{"line":310,"column":8},"end":{"line":312,"column":9},"skip":true},"73":{"start":{"line":311,"column":12},"end":{"line":311,"column":18},"skip":true},"74":{"start":{"line":313,"column":8},"end":{"line":313,"column":54},"skip":true},"75":{"start":{"line":314,"column":8},"end":{"line":314,"column":69},"skip":true},"76":{"start":{"line":315,"column":8},"end":{"line":323,"column":36},"skip":true},"77":{"start":{"line":316,"column":12},"end":{"line":316,"column":61},"skip":true},"78":{"start":{"line":317,"column":12},"end":{"line":320,"column":13},"skip":true},"79":{"start":{"line":318,"column":16},"end":{"line":318,"column":75},"skip":true},"80":{"start":{"line":319,"column":16},"end":{"line":319,"column":23},"skip":true},"81":{"start":{"line":321,"column":12},"end":{"line":321,"column":38},"skip":true},"82":{"start":{"line":322,"column":12},"end":{"line":322,"column":27},"skip":true},"83":{"start":{"line":324,"column":8},"end":{"line":324,"column":14},"skip":true}},"branchMap":{"1":{"line":39,"type":"binary-expr","locations":[{"start":{"line":39,"column":23},"end":{"line":39,"column":62}},{"start":{"line":40,"column":20},"end":{"line":40,"column":70}},{"start":{"line":41,"column":20},"end":{"line":41,"column":71}},{"start":{"line":42,"column":20},"end":{"line":42,"column":29}}]},"2":{"line":44,"type":"binary-expr","locations":[{"start":{"line":44,"column":23},"end":{"line":44,"column":37}},{"start":{"line":45,"column":20},"end":{"line":45,"column":61}},{"start":{"line":46,"column":20},"end":{"line":46,"column":70}},{"start":{"line":47,"column":20},"end":{"line":47,"column":26}}]},"3":{"line":51,"type":"cond-expr","locations":[{"start":{"line":52,"column":14},"end":{"line":52,"column":20}},{"start":{"line":53,"column":14},"end":{"line":53,"column":20}}]},"4":{"line":55,"type":"binary-expr","locations":[{"start":{"line":55,"column":16},"end":{"line":55,"column":44}},{"start":{"line":55,"column":49},"end":{"line":57,"column":43}}]},"5":{"line":55,"type":"cond-expr","locations":[{"start":{"line":56,"column":14},"end":{"line":56,"column":56}},{"start":{"line":57,"column":14},"end":{"line":57,"column":43}}]},"6":{"line":61,"type":"switch","locations":[{"start":{"line":68,"column":4},"end":{"line":150,"column":14},"skip":true},{"start":{"line":156,"column":4},"end":{"line":324,"column":14},"skip":true}]},"7":{"line":70,"type":"if","locations":[{"start":{"line":70,"column":12},"end":{"line":70,"column":12},"skip":true},{"start":{"line":70,"column":12},"end":{"line":70,"column":12},"skip":true}]},"8":{"line":70,"type":"binary-expr","locations":[{"start":{"line":70,"column":16},"end":{"line":70,"column":22},"skip":true},{"start":{"line":70,"column":27},"end":{"line":70,"column":32},"skip":true},{"start":{"line":71,"column":20},"end":{"line":71,"column":39},"skip":true},{"start":{"line":72,"column":20},"end":{"line":72,"column":49},"skip":true},{"start":{"line":73,"column":20},"end":{"line":73,"column":58},"skip":true},{"start":{"line":74,"column":20},"end":{"line":74,"column":69},"skip":true}]},"9":{"line":79,"type":"switch","locations":[{"start":{"line":80,"column":20},"end":{"line":80,"column":33},"skip":true},{"start":{"line":81,"column":20},"end":{"line":83,"column":30},"skip":true},{"start":{"line":84,"column":20},"end":{"line":85,"column":49},"skip":true}]},"10":{"line":89,"type":"switch","locations":[{"start":{"line":90,"column":12},"end":{"line":103,"column":22},"skip":true},{"start":{"line":105,"column":12},"end":{"line":106,"column":22},"skip":true}]},"11":{"line":89,"type":"binary-expr","locations":[{"start":{"line":89,"column":20},"end":{"line":89,"column":25},"skip":true},{"start":{"line":89,"column":29},"end":{"line":89,"column":48},"skip":true},{"start":{"line":89,"column":52},"end":{"line":89,"column":74},"skip":true}]},"12":{"line":92,"type":"if","locations":[{"start":{"line":92,"column":16},"end":{"line":92,"column":16},"skip":true},{"start":{"line":92,"column":16},"end":{"line":92,"column":16},"skip":true}]},"13":{"line":108,"type":"if","locations":[{"start":{"line":108,"column":12},"end":{"line":108,"column":12},"skip":true},{"start":{"line":108,"column":12},"end":{"line":108,"column":12},"skip":true}]},"14":{"line":108,"type":"binary-expr","locations":[{"start":{"line":108,"column":16},"end":{"line":108,"column":61},"skip":true},{"start":{"line":108,"column":66},"end":{"line":108,"column":72},"skip":true},{"start":{"line":108,"column":77},"end":{"line":108,"column":82},"skip":true},{"start":{"line":109,"column":20},"end":{"line":109,"column":39},"skip":true},{"start":{"line":110,"column":20},"end":{"line":110,"column":49},"skip":true},{"start":{"line":111,"column":20},"end":{"line":111,"column":58},"skip":true},{"start":{"line":112,"column":20},"end":{"line":112,"column":68},"skip":true}]},"15":{"line":129,"type":"if","locations":[{"start":{"line":129,"column":16},"end":{"line":129,"column":16},"skip":true},{"start":{"line":129,"column":16},"end":{"line":129,"column":16},"skip":true}]},"16":{"line":134,"type":"cond-expr","locations":[{"start":{"line":135,"column":26},"end":{"line":135,"column":29},"skip":true},{"start":{"line":136,"column":26},"end":{"line":136,"column":54},"skip":true}]},"17":{"line":164,"type":"binary-expr","locations":[{"start":{"line":164,"column":27},"end":{"line":164,"column":43},"skip":true},{"start":{"line":164,"column":47},"end":{"line":164,"column":49},"skip":true}]},"18":{"line":258,"type":"if","locations":[{"start":{"line":258,"column":8},"end":{"line":258,"column":8},"skip":true},{"start":{"line":258,"column":8},"end":{"line":258,"column":8},"skip":true}]},"19":{"line":275,"type":"switch","locations":[{"start":{"line":276,"column":20},"end":{"line":277,"column":64},"skip":true},{"start":{"line":278,"column":20},"end":{"line":279,"column":40},"skip":true},{"start":{"line":280,"column":20},"end":{"line":281,"column":40},"skip":true},{"start":{"line":282,"column":20},"end":{"line":283,"column":39},"skip":true}]},"20":{"line":288,"type":"if","locations":[{"start":{"line":288,"column":8},"end":{"line":288,"column":8},"skip":true},{"start":{"line":288,"column":8},"end":{"line":288,"column":8},"skip":true}]},"21":{"line":288,"type":"binary-expr","locations":[{"start":{"line":288,"column":12},"end":{"line":288,"column":40},"skip":true},{"start":{"line":288,"column":44},"end":{"line":288,"column":67},"skip":true}]},"22":{"line":292,"type":"binary-expr","locations":[{"start":{"line":292,"column":12},"end":{"line":292,"column":50},"skip":true},{"start":{"line":293,"column":12},"end":{"line":293,"column":53},"skip":true}]},"23":{"line":297,"type":"binary-expr","locations":[{"start":{"line":297,"column":12},"end":{"line":297,"column":70},"skip":true},{"start":{"line":298,"column":12},"end":{"line":301,"column":36},"skip":true}]},"24":{"line":303,"type":"binary-expr","locations":[{"start":{"line":303,"column":43},"end":{"line":303,"column":75},"skip":true},{"start":{"line":303,"column":79},"end":{"line":303,"column":81},"skip":true}]},"25":{"line":306,"type":"if","locations":[{"start":{"line":306,"column":8},"end":{"line":306,"column":8},"skip":true},{"start":{"line":306,"column":8},"end":{"line":306,"column":8},"skip":true}]},"26":{"line":310,"type":"if","locations":[{"start":{"line":310,"column":8},"end":{"line":310,"column":8},"skip":true},{"start":{"line":310,"column":8},"end":{"line":310,"column":8},"skip":true}]},"27":{"line":313,"type":"binary-expr","locations":[{"start":{"line":313,"column":27},"end":{"line":313,"column":43},"skip":true},{"start":{"line":313,"column":47},"end":{"line":313,"column":53},"skip":true}]},"28":{"line":317,"type":"if","locations":[{"start":{"line":317,"column":12},"end":{"line":317,"column":12},"skip":true},{"start":{"line":317,"column":12},"end":{"line":317,"column":12},"skip":true}]}},"code":["/*","example.js","","quickstart example","","instruction","    1. save this script as example.js","    2. run the shell command:","        $ npm install npmtest-hbase-client && PORT=8081 node example.js","    3. play with the browser-demo on http://127.0.0.1:8081","*/","","","","/* istanbul instrument in package npmtest_hbase_client */","/*jslint","    bitwise: true,","    browser: true,","    maxerr: 8,","    maxlen: 96,","    node: true,","    nomen: true,","    regexp: true,","    stupid: true","*/","(function () {","    'use strict';","    var local;","","","","    // run shared js-env code - pre-init","    (function () {","        // init local","        local = {};","        // init modeJs","        local.modeJs = (function () {","            try {","                return typeof navigator.userAgent === 'string' &&","                    typeof document.querySelector('body') === 'object' &&","                    typeof XMLHttpRequest.prototype.open === 'function' &&","                    'browser';","            } catch (errorCaughtBrowser) {","                return module.exports &&","                    typeof process.versions.node === 'string' &&","                    typeof require('http').createServer === 'function' &&","                    'node';","            }","        }());","        // init global","        local.global = local.modeJs === 'browser'","            ? window","            : global;","        // init utility2_rollup","        local = local.global.utility2_rollup || (local.modeJs === 'browser'","            ? local.global.utility2_npmtest_hbase_client","            : global.utility2_moduleExports);","        // export local","        local.global.local = local;","    }());","    switch (local.modeJs) {","","","","    // post-init","    // run browser js-env code - post-init","    /* istanbul ignore next */","    case 'browser':","        local.testRunBrowser = function (event) {","            if (!event || (event &&","                    event.currentTarget &&","                    event.currentTarget.className &&","                    event.currentTarget.className.includes &&","                    event.currentTarget.className.includes('onreset'))) {","                // reset output","                Array.from(","                    document.querySelectorAll('body > .resettable')","                ).forEach(function (element) {","                    switch (element.tagName) {","                    case 'INPUT':","                    case 'TEXTAREA':","                        element.value = '';","                        break;","                    default:","                        element.textContent = '';","                    }","                });","            }","            switch (event && event.currentTarget && event.currentTarget.id) {","            case 'testRunButton1':","                // show tests","                if (document.querySelector('#testReportDiv1').style.display === 'none') {","                    document.querySelector('#testReportDiv1').style.display = 'block';","                    document.querySelector('#testRunButton1').textContent =","                        'hide internal test';","                    local.modeTest = true;","                    local.testRunDefault(local);","                // hide tests","                } else {","                    document.querySelector('#testReportDiv1').style.display = 'none';","                    document.querySelector('#testRunButton1').textContent = 'run internal test';","                }","                break;","            // custom-case","            default:","                break;","            }","            if (document.querySelector('#inputTextareaEval1') && (!event || (event &&","                    event.currentTarget &&","                    event.currentTarget.className &&","                    event.currentTarget.className.includes &&","                    event.currentTarget.className.includes('oneval')))) {","                // try to eval input-code","                try {","                    /*jslint evil: true*/","                    eval(document.querySelector('#inputTextareaEval1').value);","                } catch (errorCaught) {","                    console.error(errorCaught);","                }","            }","        };","        // log stderr and stdout to #outputTextareaStdout1","        ['error', 'log'].forEach(function (key) {","            console[key + '_original'] = console[key];","            console[key] = function () {","                var element;","                console[key + '_original'].apply(console, arguments);","                element = document.querySelector('#outputTextareaStdout1');","                if (!element) {","                    return;","                }","                // append text to #outputTextareaStdout1","                element.value += Array.from(arguments).map(function (arg) {","                    return typeof arg === 'string'","                        ? arg","                        : JSON.stringify(arg, null, 4);","                }).join(' ') + '\\n';","                // scroll textarea to bottom","                element.scrollTop = element.scrollHeight;","            };","        });","        // init event-handling","        ['change', 'click', 'keyup'].forEach(function (event) {","            Array.from(document.querySelectorAll('.on' + event)).forEach(function (element) {","                element.addEventListener(event, local.testRunBrowser);","            });","        });","        // run tests","        local.testRunBrowser();","        break;","","","","    // run node js-env code - post-init","    /* istanbul ignore next */","    case 'node':","        // export local","        module.exports = local;","        // require modules","        local.fs = require('fs');","        local.http = require('http');","        local.url = require('url');","        // init assets","        local.assetsDict = local.assetsDict || {};","        /* jslint-ignore-begin */","        local.assetsDict['/assets.index.template.html'] = '\\","<!doctype html>\\n\\","<html lang=\"en\">\\n\\","<head>\\n\\","<meta charset=\"UTF-8\">\\n\\","<meta name=\"viewport\" content=\"width=device-width, initial-scale=1\">\\n\\","<title>{{env.npm_package_name}} (v{{env.npm_package_version}})</title>\\n\\","<style>\\n\\","/*csslint\\n\\","    box-sizing: false,\\n\\","    universal-selector: false\\n\\","*/\\n\\","* {\\n\\","    box-sizing: border-box;\\n\\","}\\n\\","body {\\n\\","    background: #dde;\\n\\","    font-family: Arial, Helvetica, sans-serif;\\n\\","    margin: 2rem;\\n\\","}\\n\\","body > * {\\n\\","    margin-bottom: 1rem;\\n\\","}\\n\\",".utility2FooterDiv {\\n\\","    margin-top: 20px;\\n\\","    text-align: center;\\n\\","}\\n\\","</style>\\n\\","<style>\\n\\","/*csslint\\n\\","*/\\n\\","textarea {\\n\\","    font-family: monospace;\\n\\","    height: 10rem;\\n\\","    width: 100%;\\n\\","}\\n\\","textarea[readonly] {\\n\\","    background: #ddd;\\n\\","}\\n\\","</style>\\n\\","</head>\\n\\","<body>\\n\\","<!-- utility2-comment\\n\\","<div id=\"ajaxProgressDiv1\" style=\"background: #d00; height: 2px; left: 0; margin: 0; padding: 0; position: fixed; top: 0; transition: background 0.5s, width 1.5s; width: 25%;\"></div>\\n\\","utility2-comment -->\\n\\","<h1>\\n\\","<!-- utility2-comment\\n\\","    <a\\n\\","        {{#if env.npm_package_homepage}}\\n\\","        href=\"{{env.npm_package_homepage}}\"\\n\\","        {{/if env.npm_package_homepage}}\\n\\","        target=\"_blank\"\\n\\","    >\\n\\","utility2-comment -->\\n\\","        {{env.npm_package_name}} (v{{env.npm_package_version}})\\n\\","<!-- utility2-comment\\n\\","    </a>\\n\\","utility2-comment -->\\n\\","</h1>\\n\\","<h3>{{env.npm_package_description}}</h3>\\n\\","<!-- utility2-comment\\n\\","<h4><a download href=\"assets.app.js\">download standalone app</a></h4>\\n\\","<button class=\"onclick onreset\" id=\"testRunButton1\">run internal test</button><br>\\n\\","<div id=\"testReportDiv1\" style=\"display: none;\"></div>\\n\\","utility2-comment -->\\n\\","\\n\\","\\n\\","\\n\\","<label>stderr and stdout</label>\\n\\","<textarea class=\"resettable\" id=\"outputTextareaStdout1\" readonly></textarea>\\n\\","<!-- utility2-comment\\n\\","{{#if isRollup}}\\n\\","<script src=\"assets.app.js\"></script>\\n\\","{{#unless isRollup}}\\n\\","utility2-comment -->\\n\\","<script src=\"assets.utility2.rollup.js\"></script>\\n\\","<script src=\"jsonp.utility2._stateInit?callback=window.utility2._stateInit\"></script>\\n\\","<script src=\"assets.npmtest_hbase_client.rollup.js\"></script>\\n\\","<script src=\"assets.example.js\"></script>\\n\\","<script src=\"assets.test.js\"></script>\\n\\","<!-- utility2-comment\\n\\","{{/if isRollup}}\\n\\","utility2-comment -->\\n\\","<div class=\"utility2FooterDiv\">\\n\\","    [ this app was created with\\n\\","    <a href=\"https://github.com/kaizhu256/node-utility2\" target=\"_blank\">utility2</a>\\n\\","    ]\\n\\","</div>\\n\\","</body>\\n\\","</html>\\n\\","';","        /* jslint-ignore-end */","        if (local.templateRender) {","            local.assetsDict['/'] = local.templateRender(","                local.assetsDict['/assets.index.template.html'],","                {","                    env: local.objectSetDefault(local.env, {","                        npm_package_description: 'the greatest app in the world!',","                        npm_package_name: 'my-app',","                        npm_package_nameAlias: 'my_app',","                        npm_package_version: '0.0.1'","                    })","                }","            );","        } else {","            local.assetsDict['/'] = local.assetsDict['/assets.index.template.html']","                .replace((/\\{\\{env\\.(\\w+?)\\}\\}/g), function (match0, match1) {","                    // jslint-hack","                    String(match0);","                    switch (match1) {","                    case 'npm_package_description':","                        return 'the greatest app in the world!';","                    case 'npm_package_name':","                        return 'my-app';","                    case 'npm_package_nameAlias':","                        return 'my_app';","                    case 'npm_package_version':","                        return '0.0.1';","                    }","                });","        }","        // run the cli","        if (local.global.utility2_rollup || module !== require.main) {","            break;","        }","        local.assetsDict['/assets.example.js'] =","            local.assetsDict['/assets.example.js'] ||","            local.fs.readFileSync(__filename, 'utf8');","        // bug-workaround - long $npm_package_buildCustomOrg","        /* jslint-ignore-begin */","        local.assetsDict['/assets.npmtest_hbase_client.rollup.js'] =","            local.assetsDict['/assets.npmtest_hbase_client.rollup.js'] ||","            local.fs.readFileSync(","                local.npmtest_hbase_client.__dirname + '/lib.npmtest_hbase_client.js',","                'utf8'","            ).replace((/^#!/), '//');","        /* jslint-ignore-end */","        local.assetsDict['/favicon.ico'] = local.assetsDict['/favicon.ico'] || '';","        // if $npm_config_timeout_exit exists,","        // then exit this process after $npm_config_timeout_exit ms","        if (Number(process.env.npm_config_timeout_exit)) {","            setTimeout(process.exit, Number(process.env.npm_config_timeout_exit));","        }","        // start server","        if (local.global.utility2_serverHttp1) {","            break;","        }","        process.env.PORT = process.env.PORT || '8081';","        console.error('server starting on port ' + process.env.PORT);","        local.http.createServer(function (request, response) {","            request.urlParsed = local.url.parse(request.url);","            if (local.assetsDict[request.urlParsed.pathname] !== undefined) {","                response.end(local.assetsDict[request.urlParsed.pathname]);","                return;","            }","            response.statusCode = 404;","            response.end();","        }).listen(process.env.PORT);","        break;","    }","}());",""],"l":{"26":2,"28":2,"33":2,"35":2,"37":2,"38":2,"39":2,"44":1,"51":2,"55":2,"59":2,"61":2,"69":1,"70":2,"76":2,"79":2,"82":2,"83":2,"85":1,"89":2,"92":1,"93":1,"94":1,"96":1,"97":1,"100":1,"101":1,"103":1,"106":1,"108":2,"114":1,"116":1,"118":1,"123":1,"124":2,"125":2,"126":3,"127":3,"128":3,"129":3,"130":1,"133":3,"134":3,"139":3,"143":1,"144":3,"145":1,"149":1,"150":1,"158":1,"160":1,"161":1,"162":1,"164":1,"166":1,"258":1,"259":1,"271":1,"274":6,"275":6,"277":1,"279":2,"281":1,"283":2,"288":1,"289":1,"291":1,"296":1,"303":1,"306":1,"307":1,"310":1,"311":1,"313":1,"314":1,"315":1,"316":1,"317":1,"318":1,"319":1,"321":1,"322":1,"324":1}},"/home/travis/build/npmtest/node-npmtest-hbase-client/node_modules/hbase-client/index.js":{"path":"/home/travis/build/npmtest/node-npmtest-hbase-client/node_modules/hbase-client/index.js","s":{"1":1,"2":1,"3":1,"4":1,"5":1,"6":1,"7":1,"8":1,"9":1},"b":{},"f":{},"fnMap":{},"statementMap":{"1":{"start":{"line":13,"column":0},"end":{"line":13,"column":48}},"2":{"start":{"line":14,"column":0},"end":{"line":14,"column":35}},"3":{"start":{"line":15,"column":0},"end":{"line":15,"column":35}},"4":{"start":{"line":16,"column":0},"end":{"line":16,"column":37}},"5":{"start":{"line":17,"column":0},"end":{"line":17,"column":41}},"6":{"start":{"line":18,"column":0},"end":{"line":18,"column":41}},"7":{"start":{"line":19,"column":0},"end":{"line":19,"column":41}},"8":{"start":{"line":20,"column":0},"end":{"line":20,"column":43}},"9":{"start":{"line":22,"column":0},"end":{"line":22,"column":39}}},"branchMap":{},"code":["/*!"," * node-hbase-client - index.js"," * Copyright(c) 2013 fengmk2 <fengmk2@gmail.com>"," * MIT Licensed"," */","","\"use strict\";","","/**"," * Module dependencies."," */","","exports.TimeRange = require('./lib/time_range');","exports.Get = require('./lib/get');","exports.Put = require('./lib/put');","exports.Scan = require('./lib/scan');","exports.Result = require('./lib/result');","exports.Client = require('./lib/client');","exports.Delete = require('./lib/delete');","exports.filters = require('./lib/filters');","","exports.create = exports.Client.create;",""],"l":{"13":1,"14":1,"15":1,"16":1,"17":1,"18":1,"19":1,"20":1,"22":1}},"/home/travis/build/npmtest/node-npmtest-hbase-client/node_modules/hbase-client/lib/time_range.js":{"path":"/home/travis/build/npmtest/node-npmtest-hbase-client/node_modules/hbase-client/lib/time_range.js","s":{"1":1,"2":1,"3":1,"4":0,"5":0,"6":0,"7":0,"8":0,"9":0,"10":0,"11":0,"12":0,"13":1,"14":0,"15":0,"16":0,"17":0,"18":0,"19":1,"20":0,"21":1,"22":0,"23":0,"24":0,"25":1,"26":0,"27":0,"28":0,"29":1},"b":{"1":[0,0],"2":[0,0],"3":[0,0],"4":[0,0],"5":[0,0],"6":[0,0],"7":[0,0],"8":[0,0]},"f":{"1":0,"2":0,"3":0,"4":0,"5":0},"fnMap":{"1":{"name":"TimeRange","line":24,"loc":{"start":{"line":24,"column":0},"end":{"line":24,"column":48}}},"2":{"name":"(anonymous_2)","line":47,"loc":{"start":{"line":47,"column":30},"end":{"line":47,"column":51}}},"3":{"name":"(anonymous_3)","line":57,"loc":{"start":{"line":57,"column":31},"end":{"line":57,"column":43}}},"4":{"name":"(anonymous_4)","line":62,"loc":{"start":{"line":62,"column":33},"end":{"line":62,"column":47}}},"5":{"name":"(anonymous_5)","line":68,"loc":{"start":{"line":68,"column":28},"end":{"line":68,"column":43}}}},"statementMap":{"1":{"start":{"line":13,"column":0},"end":{"line":13,"column":27}},"2":{"start":{"line":14,"column":0},"end":{"line":14,"column":36}},"3":{"start":{"line":24,"column":0},"end":{"line":38,"column":1}},"4":{"start":{"line":25,"column":2},"end":{"line":27,"column":3}},"5":{"start":{"line":26,"column":4},"end":{"line":26,"column":38}},"6":{"start":{"line":28,"column":2},"end":{"line":30,"column":3}},"7":{"start":{"line":29,"column":4},"end":{"line":29,"column":38}},"8":{"start":{"line":32,"column":2},"end":{"line":32,"column":32}},"9":{"start":{"line":33,"column":2},"end":{"line":33,"column":45}},"10":{"start":{"line":34,"column":2},"end":{"line":36,"column":3}},"11":{"start":{"line":35,"column":4},"end":{"line":35,"column":19}},"12":{"start":{"line":37,"column":2},"end":{"line":37,"column":25}},"13":{"start":{"line":47,"column":0},"end":{"line":55,"column":2}},"14":{"start":{"line":48,"column":2},"end":{"line":54,"column":3}},"15":{"start":{"line":49,"column":4},"end":{"line":49,"column":14}},"16":{"start":{"line":50,"column":9},"end":{"line":54,"column":3}},"17":{"start":{"line":51,"column":4},"end":{"line":51,"column":13}},"18":{"start":{"line":53,"column":4},"end":{"line":53,"column":13}},"19":{"start":{"line":57,"column":0},"end":{"line":59,"column":2}},"20":{"start":{"line":58,"column":2},"end":{"line":58,"column":91}},"21":{"start":{"line":62,"column":0},"end":{"line":66,"column":2}},"22":{"start":{"line":63,"column":2},"end":{"line":63,"column":32}},"23":{"start":{"line":64,"column":2},"end":{"line":64,"column":32}},"24":{"start":{"line":65,"column":2},"end":{"line":65,"column":34}},"25":{"start":{"line":68,"column":0},"end":{"line":72,"column":2}},"26":{"start":{"line":69,"column":2},"end":{"line":69,"column":31}},"27":{"start":{"line":70,"column":2},"end":{"line":70,"column":31}},"28":{"start":{"line":71,"column":2},"end":{"line":71,"column":33}},"29":{"start":{"line":75,"column":0},"end":{"line":75,"column":27}}},"branchMap":{"1":{"line":25,"type":"if","locations":[{"start":{"line":25,"column":2},"end":{"line":25,"column":2}},{"start":{"line":25,"column":2},"end":{"line":25,"column":2}}]},"2":{"line":28,"type":"if","locations":[{"start":{"line":28,"column":2},"end":{"line":28,"column":2}},{"start":{"line":28,"column":2},"end":{"line":28,"column":2}}]},"3":{"line":32,"type":"binary-expr","locations":[{"start":{"line":32,"column":18},"end":{"line":32,"column":26}},{"start":{"line":32,"column":30},"end":{"line":32,"column":31}}]},"4":{"line":33,"type":"binary-expr","locations":[{"start":{"line":33,"column":18},"end":{"line":33,"column":26}},{"start":{"line":33,"column":30},"end":{"line":33,"column":44}}]},"5":{"line":34,"type":"if","locations":[{"start":{"line":34,"column":2},"end":{"line":34,"column":2}},{"start":{"line":34,"column":2},"end":{"line":34,"column":2}}]},"6":{"line":34,"type":"binary-expr","locations":[{"start":{"line":34,"column":6},"end":{"line":34,"column":27}},{"start":{"line":34,"column":31},"end":{"line":34,"column":47}}]},"7":{"line":48,"type":"if","locations":[{"start":{"line":48,"column":2},"end":{"line":48,"column":2}},{"start":{"line":48,"column":2},"end":{"line":48,"column":2}}]},"8":{"line":50,"type":"if","locations":[{"start":{"line":50,"column":9},"end":{"line":50,"column":9}},{"start":{"line":50,"column":9},"end":{"line":50,"column":9}}]}},"code":["/*!"," * node-hbase-client - lib/time_range.js"," * Copyright(c) 2013 fengmk2 <fengmk2@gmail.com>"," * MIT Licensed"," */","","\"use strict\";","","/**"," * Module dependencies."," */","","var Long = require('long');","var Bytes = require('./util/bytes');","","/**"," * Represents an interval of version timestamps."," * <p>"," * Evaluated according to minStamp <= timestamp < maxStamp"," * or [minStamp,maxStamp) in interval notation."," * <p>"," * Only used internally; should not be accessed directly by clients."," */","function TimeRange(minStamp, maxStamp, allTime) {","  if (Buffer.isBuffer(minStamp)) {","    minStamp = Bytes.toLong(minStamp);","  }","  if (Buffer.isBuffer(maxStamp)) {","    maxStamp = Bytes.toLong(maxStamp);","  }","  ","  this.minStamp = minStamp || 0;","  this.maxStamp = maxStamp || Long.MAX_VALUE;","  if (allTime === undefined || allTime === null) {","    allTime = true;","  }","  this.allTime = allTime;","}","","/**"," * Compare the timestamp to timerange"," * @param timestamp"," * @return -1 if timestamp is less than timerange,"," * 0 if timestamp is within timerange,"," * 1 if timestamp is greater than timerange"," */","TimeRange.prototype.compare = function (timestamp) {","  if (timestamp < this.minStamp) {","    return -1;","  } else if (timestamp >= this.maxStamp) {","    return 1;","  } else {","    return 0;","  }","};","","TimeRange.prototype.toString = function () {","  return \"maxStamp=\" + this.maxStamp.toString() + \", minStamp=\" + this.minStamp.toString();","};","","//Writable","TimeRange.prototype.readFields = function (io) {","  this.minStamp = io.readLong();","  this.maxStamp = io.readLong();","  this.allTime = io.readBoolean();","};","","TimeRange.prototype.write = function (out) {","  out.writeLong(this.minStamp);","  out.writeLong(this.maxStamp);","  out.writeBoolean(this.allTime);","};","","","module.exports = TimeRange;",""],"l":{"13":1,"14":1,"24":1,"25":0,"26":0,"28":0,"29":0,"32":0,"33":0,"34":0,"35":0,"37":0,"47":1,"48":0,"49":0,"50":0,"51":0,"53":0,"57":1,"58":0,"62":1,"63":0,"64":0,"65":0,"68":1,"69":0,"70":0,"71":0,"75":1}},"/home/travis/build/npmtest/node-npmtest-hbase-client/node_modules/hbase-client/lib/util/bytes.js":{"path":"/home/travis/build/npmtest/node-npmtest-hbase-client/node_modules/hbase-client/lib/util/bytes.js","s":{"1":1,"2":1,"3":1,"4":1,"5":1,"6":1,"7":1,"8":1,"9":1,"10":1,"11":1,"12":1,"13":1,"14":1,"15":0,"16":0,"17":0,"18":0,"19":0,"20":1,"21":0,"22":0,"23":1,"24":0,"25":0,"26":1,"27":0,"28":0,"29":1,"30":0,"31":0,"32":1,"33":0,"34":0,"35":0,"36":0,"37":0,"38":1,"39":0,"40":1,"41":0,"42":1,"43":12,"44":1,"45":11,"46":0,"47":11,"48":1,"49":0,"50":1,"51":3,"52":2,"53":1,"54":0,"55":1,"56":0,"57":1,"58":0,"59":1,"60":1,"61":0,"62":0,"63":0,"64":0,"65":1,"66":2,"67":1,"68":0,"69":0,"70":0,"71":0,"72":0,"73":0,"74":0,"75":0,"76":0,"77":0,"78":1,"79":0,"80":0,"81":0,"82":0,"83":1,"84":0},"b":{"1":[0,0,0,0],"2":[0,0],"3":[0,0],"4":[0,0],"5":[1,11],"6":[0,11],"7":[2,1],"8":[0,1],"9":[1,1],"10":[0,1],"11":[0,1],"12":[1,0],"13":[0,0],"14":[0,0],"15":[0,0],"16":[0,0],"17":[0,0]},"f":{"1":0,"2":0,"3":0,"4":0,"5":0,"6":0,"7":0,"8":0,"9":12,"10":0,"11":3,"12":2,"13":0,"14":0,"15":0},"fnMap":{"1":{"name":"(anonymous_1)","line":37,"loc":{"start":{"line":37,"column":25},"end":{"line":37,"column":59}}},"2":{"name":"(anonymous_2)","line":55,"loc":{"start":{"line":55,"column":17},"end":{"line":55,"column":47}}},"3":{"name":"(anonymous_3)","line":69,"loc":{"start":{"line":69,"column":19},"end":{"line":69,"column":49}}},"4":{"name":"(anonymous_4)","line":81,"loc":{"start":{"line":81,"column":19},"end":{"line":81,"column":54}}},"5":{"name":"(anonymous_5)","line":93,"loc":{"start":{"line":93,"column":18},"end":{"line":93,"column":46}}},"6":{"name":"(anonymous_6)","line":108,"loc":{"start":{"line":108,"column":18},"end":{"line":108,"column":48}}},"7":{"name":"(anonymous_7)","line":126,"loc":{"start":{"line":126,"column":16},"end":{"line":126,"column":49}}},"8":{"name":"(anonymous_8)","line":139,"loc":{"start":{"line":139,"column":18},"end":{"line":139,"column":51}}},"9":{"name":"(anonymous_9)","line":148,"loc":{"start":{"line":148,"column":18},"end":{"line":148,"column":31}}},"10":{"name":"(anonymous_10)","line":158,"loc":{"start":{"line":158,"column":19},"end":{"line":158,"column":32}}},"11":{"name":"(anonymous_11)","line":167,"loc":{"start":{"line":167,"column":17},"end":{"line":167,"column":40}}},"12":{"name":"(anonymous_12)","line":209,"loc":{"start":{"line":209,"column":25},"end":{"line":209,"column":48}}},"13":{"name":"(anonymous_13)","line":229,"loc":{"start":{"line":229,"column":20},"end":{"line":229,"column":48}}},"14":{"name":"(anonymous_14)","line":248,"loc":{"start":{"line":248,"column":20},"end":{"line":248,"column":37}}},"15":{"name":"(anonymous_15)","line":261,"loc":{"start":{"line":261,"column":17},"end":{"line":261,"column":34}}}},"statementMap":{"1":{"start":{"line":15,"column":0},"end":{"line":15,"column":33}},"2":{"start":{"line":16,"column":0},"end":{"line":16,"column":27}},"3":{"start":{"line":17,"column":0},"end":{"line":17,"column":49}},"4":{"start":{"line":18,"column":0},"end":{"line":18,"column":34}},"5":{"start":{"line":19,"column":0},"end":{"line":19,"column":63}},"6":{"start":{"line":20,"column":0},"end":{"line":20,"column":67}},"7":{"start":{"line":22,"column":0},"end":{"line":22,"column":42}},"8":{"start":{"line":23,"column":0},"end":{"line":23,"column":48}},"9":{"start":{"line":24,"column":0},"end":{"line":24,"column":42}},"10":{"start":{"line":25,"column":0},"end":{"line":25,"column":44}},"11":{"start":{"line":26,"column":0},"end":{"line":26,"column":40}},"12":{"start":{"line":27,"column":0},"end":{"line":27,"column":46}},"13":{"start":{"line":28,"column":0},"end":{"line":28,"column":42}},"14":{"start":{"line":37,"column":0},"end":{"line":44,"column":2}},"15":{"start":{"line":38,"column":2},"end":{"line":38,"column":42}},"16":{"start":{"line":39,"column":2},"end":{"line":39,"column":23}},"17":{"start":{"line":40,"column":2},"end":{"line":40,"column":39}},"18":{"start":{"line":41,"column":2},"end":{"line":43,"column":3}},"19":{"start":{"line":42,"column":4},"end":{"line":42,"column":33}},"20":{"start":{"line":55,"column":0},"end":{"line":58,"column":2}},"21":{"start":{"line":56,"column":2},"end":{"line":56,"column":34}},"22":{"start":{"line":57,"column":2},"end":{"line":57,"column":29}},"23":{"start":{"line":69,"column":0},"end":{"line":72,"column":2}},"24":{"start":{"line":70,"column":2},"end":{"line":70,"column":34}},"25":{"start":{"line":71,"column":2},"end":{"line":71,"column":31}},"26":{"start":{"line":81,"column":0},"end":{"line":84,"column":2}},"27":{"start":{"line":82,"column":2},"end":{"line":82,"column":31}},"28":{"start":{"line":83,"column":2},"end":{"line":83,"column":34}},"29":{"start":{"line":93,"column":0},"end":{"line":96,"column":2}},"30":{"start":{"line":94,"column":2},"end":{"line":94,"column":20}},"31":{"start":{"line":95,"column":2},"end":{"line":95,"column":20}},"32":{"start":{"line":108,"column":0},"end":{"line":115,"column":2}},"33":{"start":{"line":109,"column":2},"end":{"line":111,"column":3}},"34":{"start":{"line":110,"column":4},"end":{"line":110,"column":31}},"35":{"start":{"line":112,"column":2},"end":{"line":112,"column":39}},"36":{"start":{"line":113,"column":2},"end":{"line":113,"column":42}},"37":{"start":{"line":114,"column":2},"end":{"line":114,"column":30}},"38":{"start":{"line":126,"column":0},"end":{"line":128,"column":2}},"39":{"start":{"line":127,"column":2},"end":{"line":127,"column":35}},"40":{"start":{"line":139,"column":0},"end":{"line":141,"column":2}},"41":{"start":{"line":140,"column":2},"end":{"line":140,"column":35}},"42":{"start":{"line":148,"column":0},"end":{"line":156,"column":2}},"43":{"start":{"line":149,"column":2},"end":{"line":151,"column":3}},"44":{"start":{"line":150,"column":4},"end":{"line":150,"column":40}},"45":{"start":{"line":152,"column":2},"end":{"line":154,"column":3}},"46":{"start":{"line":153,"column":4},"end":{"line":153,"column":13}},"47":{"start":{"line":155,"column":2},"end":{"line":155,"column":31}},"48":{"start":{"line":158,"column":0},"end":{"line":160,"column":2}},"49":{"start":{"line":159,"column":2},"end":{"line":159,"column":28}},"50":{"start":{"line":167,"column":0},"end":{"line":197,"column":2}},"51":{"start":{"line":170,"column":2},"end":{"line":172,"column":3}},"52":{"start":{"line":171,"column":4},"end":{"line":171,"column":16}},"53":{"start":{"line":173,"column":2},"end":{"line":175,"column":3}},"54":{"start":{"line":174,"column":4},"end":{"line":174,"column":17}},"55":{"start":{"line":176,"column":2},"end":{"line":178,"column":3}},"56":{"start":{"line":177,"column":4},"end":{"line":177,"column":17}},"57":{"start":{"line":179,"column":2},"end":{"line":181,"column":3}},"58":{"start":{"line":180,"column":4},"end":{"line":180,"column":16}},"59":{"start":{"line":186,"column":2},"end":{"line":188,"column":3}},"60":{"start":{"line":187,"column":4},"end":{"line":187,"column":17}},"61":{"start":{"line":190,"column":2},"end":{"line":194,"column":3}},"62":{"start":{"line":191,"column":4},"end":{"line":193,"column":5}},"63":{"start":{"line":192,"column":6},"end":{"line":192,"column":19}},"64":{"start":{"line":196,"column":2},"end":{"line":196,"column":14}},"65":{"start":{"line":209,"column":0},"end":{"line":224,"column":2}},"66":{"start":{"line":210,"column":2},"end":{"line":210,"column":28}},"67":{"start":{"line":229,"column":0},"end":{"line":245,"column":2}},"68":{"start":{"line":230,"column":2},"end":{"line":230,"column":31}},"69":{"start":{"line":231,"column":2},"end":{"line":231,"column":31}},"70":{"start":{"line":233,"column":2},"end":{"line":235,"column":3}},"71":{"start":{"line":234,"column":4},"end":{"line":234,"column":13}},"72":{"start":{"line":237,"column":2},"end":{"line":243,"column":3}},"73":{"start":{"line":238,"column":4},"end":{"line":238,"column":23}},"74":{"start":{"line":239,"column":4},"end":{"line":239,"column":23}},"75":{"start":{"line":240,"column":4},"end":{"line":242,"column":5}},"76":{"start":{"line":241,"column":6},"end":{"line":241,"column":19}},"77":{"start":{"line":244,"column":2},"end":{"line":244,"column":27}},"78":{"start":{"line":248,"column":0},"end":{"line":254,"column":2}},"79":{"start":{"line":249,"column":2},"end":{"line":249,"column":15}},"80":{"start":{"line":250,"column":2},"end":{"line":252,"column":3}},"81":{"start":{"line":251,"column":4},"end":{"line":251,"column":34}},"82":{"start":{"line":253,"column":2},"end":{"line":253,"column":14}},"83":{"start":{"line":261,"column":0},"end":{"line":263,"column":2}},"84":{"start":{"line":262,"column":2},"end":{"line":262,"column":28}}},"branchMap":{"1":{"line":38,"type":"binary-expr","locations":[{"start":{"line":38,"column":11},"end":{"line":38,"column":17}},{"start":{"line":38,"column":22},"end":{"line":38,"column":23}},{"start":{"line":38,"column":27},"end":{"line":38,"column":35}},{"start":{"line":38,"column":40},"end":{"line":38,"column":41}}]},"2":{"line":39,"type":"binary-expr","locations":[{"start":{"line":39,"column":11},"end":{"line":39,"column":17}},{"start":{"line":39,"column":21},"end":{"line":39,"column":22}}]},"3":{"line":41,"type":"if","locations":[{"start":{"line":41,"column":2},"end":{"line":41,"column":2}},{"start":{"line":41,"column":2},"end":{"line":41,"column":2}}]},"4":{"line":109,"type":"if","locations":[{"start":{"line":109,"column":2},"end":{"line":109,"column":2}},{"start":{"line":109,"column":2},"end":{"line":109,"column":2}}]},"5":{"line":149,"type":"if","locations":[{"start":{"line":149,"column":2},"end":{"line":149,"column":2}},{"start":{"line":149,"column":2},"end":{"line":149,"column":2}}]},"6":{"line":152,"type":"if","locations":[{"start":{"line":152,"column":2},"end":{"line":152,"column":2}},{"start":{"line":152,"column":2},"end":{"line":152,"column":2}}]},"7":{"line":170,"type":"if","locations":[{"start":{"line":170,"column":2},"end":{"line":170,"column":2}},{"start":{"line":170,"column":2},"end":{"line":170,"column":2}}]},"8":{"line":173,"type":"if","locations":[{"start":{"line":173,"column":2},"end":{"line":173,"column":2}},{"start":{"line":173,"column":2},"end":{"line":173,"column":2}}]},"9":{"line":173,"type":"binary-expr","locations":[{"start":{"line":173,"column":6},"end":{"line":173,"column":19}},{"start":{"line":173,"column":23},"end":{"line":173,"column":37}}]},"10":{"line":176,"type":"if","locations":[{"start":{"line":176,"column":2},"end":{"line":176,"column":2}},{"start":{"line":176,"column":2},"end":{"line":176,"column":2}}]},"11":{"line":179,"type":"if","locations":[{"start":{"line":179,"column":2},"end":{"line":179,"column":2}},{"start":{"line":179,"column":2},"end":{"line":179,"column":2}}]},"12":{"line":186,"type":"if","locations":[{"start":{"line":186,"column":2},"end":{"line":186,"column":2}},{"start":{"line":186,"column":2},"end":{"line":186,"column":2}}]},"13":{"line":191,"type":"if","locations":[{"start":{"line":191,"column":4},"end":{"line":191,"column":4}},{"start":{"line":191,"column":4},"end":{"line":191,"column":4}}]},"14":{"line":233,"type":"if","locations":[{"start":{"line":233,"column":2},"end":{"line":233,"column":2}},{"start":{"line":233,"column":2},"end":{"line":233,"column":2}}]},"15":{"line":233,"type":"binary-expr","locations":[{"start":{"line":233,"column":6},"end":{"line":233,"column":25}},{"start":{"line":233,"column":29},"end":{"line":233,"column":48}}]},"16":{"line":237,"type":"binary-expr","locations":[{"start":{"line":237,"column":25},"end":{"line":237,"column":36}},{"start":{"line":237,"column":40},"end":{"line":237,"column":51}}]},"17":{"line":240,"type":"if","locations":[{"start":{"line":240,"column":4},"end":{"line":240,"column":4}},{"start":{"line":240,"column":4},"end":{"line":240,"column":4}}]}},"code":["/*!"," * node-hbase-client - lib/bytes.js"," *"," * Copyright(c) 2013 fengmk2 <fengmk2@gmail.com>"," * MIT Licensed"," */","","","\"use strict\";","","/**"," * Module dependencies."," */","","var utility = require('utility');","var Long = require('long');","var WritableUtils = require('../writable_utils');","var errors = require('../errors');","var IllegalArgumentException = errors.IllegalArgumentException;","var NegativeArraySizeException = errors.NegativeArraySizeException;","","var SIZEOF_BYTE = exports.SIZEOF_BYTE = 1;","var SIZEOF_BOOLEAN = exports.SIZEOF_BOOLEAN = 1;","var SIZEOF_CHAR = exports.SIZEOF_CHAR = 2;","var SIZEOF_SHORT = exports.SIZEOF_SHORT = 2;","var SIZEOF_INT = exports.SIZEOF_INT = 4;","var SIZEOF_DOUBLE = exports.SIZEOF_DOUBLE = 8;","var SIZEOF_LONG = exports.SIZEOF_LONG = 8;","","/**"," * Write byte-array to out with a vint length prefix."," * @param out output stream"," * @param b array"," * @param offset offset into array"," * @param length length past offset"," */","exports.writeByteArray = function (out, b, offset, length) {","  length = length || (b && b.length) || 0;","  offset = offset || 0;","  WritableUtils.writeVInt(out, length);","  if (length > 0) {","    out.write(b, offset, length);","  }","};","","/**"," * Put an int value out to the specified byte array position."," * @param bytes the byte array"," * @param offset position in the array"," * @param val int to write out"," * @return incremented offset"," * @throws IllegalArgumentException if the byte array given doesn't have"," * enough room at the offset specified."," */","exports.putInt = function (bytes, offset, val) {","  bytes.writeInt32BE(val, offset);","  return offset + SIZEOF_INT;","};","","/**"," * Put a short value out to the specified byte array position."," * @param bytes the byte array"," * @param offset position in the array"," * @param val short to write out"," * @return incremented offset"," * @throws IllegalArgumentException if the byte array given doesn't have"," * enough room at the offset specified."," */","exports.putShort = function (bytes, offset, val) {","  bytes.writeInt16BE(val, offset);","  return offset + SIZEOF_SHORT;","};","","/**"," * Put bytes at the specified byte array position."," * @param bytes the byte array"," * @param offset position in the array"," * @param srcBytes array to write out"," * @return incremented offset"," */","exports.putBytes = function (bytes, offset, srcBytes) {","  srcBytes.copy(bytes, offset);","  return offset + srcBytes.length;","};","","/**"," * Write a single byte out to the specified byte array position."," * @param bytes the byte array"," * @param offset position in the array"," * @param b byte to write out"," * @return incremented offset"," */","exports.putByte = function (bytes, offset, b) {","  bytes[offset] = b;","  return offset + 1;","};","","/**"," * Put a long value out to the specified byte array position."," *"," * @param bytes the byte array"," * @param offset position in the array"," * @param val long to write out"," * @return incremented offset"," * @throws IllegalArgumentException if the byte array given doesn't have"," * enough room at the offset specified."," */","exports.putLong = function (bytes, offset, val) {","  if (!(val instanceof Long)) {","    val = Long.fromNumber(val);","  }","  bytes.writeInt32BE(val.high, offset);","  bytes.writeInt32BE(val.low, offset + 4);","  return offset + SIZEOF_LONG;","};","","/**"," * Converts a byte array to an int value"," * @param bytes byte array"," * @param offset offset into array"," * @param length length of int (has to be {@link #SIZEOF_INT})"," * @return the int value"," * @throws IllegalArgumentException if length is not {@link #SIZEOF_INT} or"," * if there's not enough room in the array at the offset indicated."," */","exports.toInt = function (bytes, offset, length) {","  return bytes.readInt32BE(offset);","};","","/**"," * Converts a byte array to a short value"," * @param bytes byte array"," * @param offset offset into array"," * @param length length, has to be {@link #SIZEOF_SHORT}"," * @return the short value"," * @throws IllegalArgumentException if length is not {@link #SIZEOF_SHORT}"," * or if there's not enough room in the array at the offset indicated."," */","exports.toShort = function (bytes, offset, length) {","  return bytes.readInt16BE(offset);","};","","/**"," * Converts a string to a UTF-8 byte array."," * @param s string"," * @return the byte array"," */","exports.toBytes = function (s) {","  if (s instanceof Long) {","    return WritableUtils.toLongBytes(s);","  }","  if (Buffer.isBuffer(s)) {","    return s;","  }","  return new Buffer(s, 'utf8');","};","","exports.toString = function (b) {","  return b.toString('utf8');","};","","/**"," * @param left left operand"," * @param right right operand"," * @return True if equal"," */","exports.equals = function (left, right) {","  // Could use Arrays.equals?","  //noinspection SimplifiableConditionalExpression","  if (left === right) {","    return true;","  }","  if (left === null || right === null) {","    return false;","  }","  if (left.length !== right.length) {","    return false;","  }","  if (left.length === 0) {","    return true;","  }","","  // Since we're often comparing adjacent sorted data,","  // it's usual to have equal arrays except for the very last byte","  // so check that first","  if (left[left.length - 1] !== right[right.length - 1]) {","    return false;","  }","","  for (var i = 0; i < left.length; i++) {","    if (left[i] !== right[i]) {","      return false;","    }","  }","","  return true;","};","","/**"," * Write a printable representation of a byte array. Non-printable"," * characters are hex escaped in the format \\\\x%02X, eg:"," * \\x00 \\x05 etc"," *"," * @param b array to write out"," * @param off offset to start at"," * @param len length to write"," * @return string output"," */","exports.toStringBinary = function (b, off, len) {","  return b.toString('utf8');","  // off = off || 0;","  // len = len || b.length;","  // var result = '';","  // var first = new String(b, off, len, \"ISO-8859-1\");","  // for (int i = 0; i < first.length(); ++i) {","  //   int ch = first.charAt(i) & 0xFF;","  //   if ((ch >= '0' && ch <= '9') || (ch >= 'A' && ch <= 'Z') || (ch >= 'a' && ch <= 'z')","  //       || \" `~!@#$%^&*()-_=+[]{}\\\\|;:'\\\",.<>/?\".indexOf(ch) >= 0) {","  //     result.append(first.charAt(i));","  //   } else {","  //     result.append(String.format(\"\\\\x%02X\", ch));","  //   }","  // }","};","","/**"," * @return 0 if equal, < 0 if left is less than right, etc."," */","exports.compareTo = function (buffer1, buffer2) {","  var length1 = buffer1.length;","  var length2 = buffer2.length;","  // Short circuit equal case","  if (buffer1 === buffer2 && length1 === length2) {","    return 0;","  }","  // Bring WritableComparator code local","  for (var i = 0, j = 0; i < length1 && j < length2; i++, j++) {","    var a = buffer1[i];","    var b = buffer2[j];","    if (a !== b) {","      return a - b;","    }","  }","  return length1 - length2;","};","","/** Compute hash for binary data. */","exports.hashBytes = function (bytes) {","  var hash = 1;","  for (var i = 0; i < bytes.length; i++) {","    hash = (31 * hash) + bytes[i];","  }","  return hash;","};","","/**"," * @param b bytes to hash"," * @return A hash of <code>b</code> as an Integer that can be used as key in"," * Maps."," */","exports.mapKey = function (bytes) {","  return utility.md5(bytes);","};","",""],"l":{"15":1,"16":1,"17":1,"18":1,"19":1,"20":1,"22":1,"23":1,"24":1,"25":1,"26":1,"27":1,"28":1,"37":1,"38":0,"39":0,"40":0,"41":0,"42":0,"55":1,"56":0,"57":0,"69":1,"70":0,"71":0,"81":1,"82":0,"83":0,"93":1,"94":0,"95":0,"108":1,"109":0,"110":0,"112":0,"113":0,"114":0,"126":1,"127":0,"139":1,"140":0,"148":1,"149":12,"150":1,"152":11,"153":0,"155":11,"158":1,"159":0,"167":1,"170":3,"171":2,"173":1,"174":0,"176":1,"177":0,"179":1,"180":0,"186":1,"187":1,"190":0,"191":0,"192":0,"196":0,"209":1,"210":2,"229":1,"230":0,"231":0,"233":0,"234":0,"237":0,"238":0,"239":0,"240":0,"241":0,"244":0,"248":1,"249":0,"250":0,"251":0,"253":0,"261":1,"262":0}},"/home/travis/build/npmtest/node-npmtest-hbase-client/node_modules/hbase-client/lib/writable_utils.js":{"path":"/home/travis/build/npmtest/node-npmtest-hbase-client/node_modules/hbase-client/lib/writable_utils.js","s":{"1":1,"2":1,"3":0,"4":0,"5":0,"6":0,"7":0,"8":0,"9":0,"10":0,"11":0,"12":0,"13":0,"14":0,"15":0,"16":0,"17":0,"18":0,"19":0,"20":0,"21":0,"22":1,"23":0,"24":1,"25":0,"26":0,"27":0,"28":0,"29":0,"30":0,"31":0,"32":0,"33":0,"34":0,"35":0,"36":0,"37":0,"38":0,"39":0,"40":0,"41":0,"42":1,"43":0,"44":1,"45":0,"46":1,"47":0,"48":0,"49":0,"50":0,"51":0,"52":1,"53":1,"54":1,"55":0,"56":0,"57":0,"58":0,"59":0,"60":1,"61":1,"62":1,"63":1,"64":1,"65":1},"b":{"1":[0,0],"2":[0,0],"3":[0,0],"4":[0,0],"5":[0,0],"6":[0,0],"7":[0,0],"8":[0,0],"9":[0,0,0],"10":[0,0],"11":[0,0],"12":[1,0],"13":[0,0],"14":[0,0]},"f":{"1":0,"2":0,"3":0,"4":0,"5":0,"6":0,"7":0,"8":0,"9":1,"10":1},"fnMap":{"1":{"name":"(anonymous_1)","line":31,"loc":{"start":{"line":31,"column":21},"end":{"line":31,"column":42}}},"2":{"name":"(anonymous_2)","line":82,"loc":{"start":{"line":82,"column":20},"end":{"line":82,"column":41}}},"3":{"name":"(anonymous_3)","line":92,"loc":{"start":{"line":92,"column":20},"end":{"line":92,"column":48}}},"4":{"name":"(anonymous_4)","line":94,"loc":{"start":{"line":94,"column":63},"end":{"line":94,"column":84}}},"5":{"name":"(anonymous_5)","line":104,"loc":{"start":{"line":104,"column":27},"end":{"line":104,"column":47}}},"6":{"name":"(anonymous_6)","line":125,"loc":{"start":{"line":125,"column":19},"end":{"line":125,"column":47}}},"7":{"name":"(anonymous_7)","line":134,"loc":{"start":{"line":134,"column":25},"end":{"line":134,"column":42}}},"8":{"name":"(anonymous_8)","line":143,"loc":{"start":{"line":143,"column":25},"end":{"line":143,"column":42}}},"9":{"name":"(anonymous_9)","line":158,"loc":{"start":{"line":158,"column":17},"end":{"line":158,"column":30}}},"10":{"name":"(anonymous_10)","line":172,"loc":{"s
[...]
pache.hadoop.hbase.util.Bytes#compareTo(byte[], byte[])}."," */","function BinaryComparator(value) {","  if (!Buffer.isBuffer(value)) {","    value = new Buffer(value);","  }","  this.value = value;","}","","BinaryComparator.classname = 'org.apache.hadoop.hbase.filter.BinaryComparator';","","BinaryComparator.prototype.toString = function () {","  return 'BinaryComparator(value: ' + this.value + ')';","};","","BinaryComparator.prototype.write = function (out) {","  Bytes.writeByteArray(out, this.value);","};","","module.exports = BinaryComparator;",""],"l":{"15":1,"21":1,"22":0,"23":0,"25":0,"28":1,"30":1,"31":0,"34":1,"35":0,"38":1}},"/home/travis/build/npmtest/node-npmtest-hbase-client/node_modules/hbase-client/lib/filters/binary_prefix_comparator.js":{"path":"/home/travis/build/npmtest/node-npmtest-hbase-client/node_modules/hbase-client/lib/filters/binary_prefix_comparator.js","s":{"1":1,"2":1,"3":0,"4":0,"5":0,"6":1,"7":1,"8":0,"9":1,"10":0,"11":1},"b":{"1":[0,0]},"f":{"1":0,"2":0,"3":0},"fnMap":{"1":{"name":"BinaryPrefixComparator","line":22,"loc":{"start":{"line":22,"column":0},"end":{"line":22,"column":39}}},"2":{"name":"(anonymous_2)","line":31,"loc":{"start":{"line":31,"column":44},"end":{"line":31,"column":56}}},"3":{"name":"(anonymous_3)","line":35,"loc":{"start":{"line":35,"column":41},"end":{"line":35,"column":56}}}},"statementMap":{"1":{"start":{"line":15,"column":0},"end":{"line":15,"column":37}},"2":{"start":{"line":22,"column":0},"end":{"line":27,"column":1}},"3":{"start":{"line":23,"column":2},"end":{"line":25,"column":3}},"4":{"start":{"line":24,"column":4},"end":{"line":24,"column":30}},"5":{"start":{"line":26,"column":2},"end":{"line":26,"column":21}},"6":{"start":{"line":29,"column":0},"end":{"line":29,"column":91}},"7":{"start":{"line":31,"column":0},"end":{"line":33,"column":2}},"8":{"start":{"line":32,"column":2},"end":{"line":32,"column":61}},"9":{"start":{"line":35,"column":0},"end":{"line":37,"column":2}},"10":{"start":{"line":36,"column":2},"end":{"line":36,"column":40}},"11":{"start":{"line":39,"column":0},"end":{"line":39,"column":40}}},"branchMap":{"1":{"line":23,"type":"if","locations":[{"start":{"line":23,"column":2},"end":{"line":23,"column":2}},{"start":{"line":23,"column":2},"end":{"line":23,"column":2}}]}},"code":["/**!"," * node-hbase-client - lib/filters/binary_prefix_comparator.js"," *"," *"," *"," * Authors:"," *   Takayuki Hasegawa <takayuki.hasegawa@gree.net>"," */","","\"use strict\";","","/**"," * Module dependencies."," */","var Bytes = require('../util/bytes');","","/**"," * A comparator which compares against a specified byte array, but only compares"," * up to the length of this byte array. For the rest it is similar to"," * {@link BinaryComparator}."," */","function BinaryPrefixComparator(value) {","  if (!Buffer.isBuffer(value)) {","    value = new Buffer(value);","  }","  this.value = value;","}","","BinaryPrefixComparator.classname = 'org.apache.hadoop.hbase.filter.BinaryPrefixComparator';","","BinaryPrefixComparator.prototype.toString = function () {","  return 'BinaryPrefixComparator(value: ' + this.value + ')';","};","","BinaryPrefixComparator.prototype.write = function (out) {","  Bytes.writeByteArray(out, this.value);","};","","module.exports = BinaryPrefixComparator;",""],"l":{"15":1,"22":1,"23":0,"24":0,"26":0,"29":1,"31":1,"32":0,"35":1,"36":0,"39":1}},"/home/travis/build/npmtest/node-npmtest-hbase-client/node_modules/hbase-client/lib/filters/bit_comparator.js":{"path":"/home/travis/build/npmtest/node-npmtest-hbase-client/node_modules/hbase-client/lib/filters/bit_comparator.js","s":{"1":1,"2":1,"3":0,"4":0,"5":0,"6":0,"7":1,"8":1,"9":1,"10":0,"11":1,"12":0,"13":0,"14":1},"b":{"1":[0,0]},"f":{"1":0,"2":0,"3":0},"fnMap":{"1":{"name":"BitComparator","line":21,"loc":{"start":{"line":21,"column":0},"end":{"line":21,"column":43}}},"2":{"name":"(anonymous_2)","line":37,"loc":{"start":{"line":37,"column":35},"end":{"line":37,"column":47}}},"3":{"name":"(anonymous_3)","line":41,"loc":{"start":{"line":41,"column":32},"end":{"line":41,"column":47}}}},"statementMap":{"1":{"start":{"line":15,"column":0},"end":{"line":15,"column":37}},"2":{"start":{"line":21,"column":0},"end":{"line":27,"column":1}},"3":{"start":{"line":22,"column":2},"end":{"line":24,"column":3}},"4":{"start":{"line":23,"column":4},"end":{"line":23,"column":30}},"5":{"start":{"line":25,"column":2},"end":{"line":25,"column":21}},"6":{"start":{"line":26,"column":2},"end":{"line":26,"column":33}},"7":{"start":{"line":29,"column":0},"end":{"line":33,"column":2}},"8":{"start":{"line":35,"column":0},"end":{"line":35,"column":73}},"9":{"start":{"line":37,"column":0},"end":{"line":39,"column":2}},"10":{"start":{"line":38,"column":2},"end":{"line":38,"column":91}},"11":{"start":{"line":41,"column":0},"end":{"line":44,"column":2}},"12":{"start":{"line":42,"column":2},"end":{"line":42,"column":40}},"13":{"start":{"line":43,"column":2},"end":{"line":43,"column":33}},"14":{"start":{"line":46,"column":0},"end":{"line":46,"column":31}}},"branchMap":{"1":{"line":22,"type":"if","locations":[{"start":{"line":22,"column":2},"end":{"line":22,"column":2}},{"start":{"line":22,"column":2},"end":{"line":22,"column":2}}]}},"code":["/**!"," * node-hbase-client - lib/filters/bit_comparator.js"," *"," *"," *"," * Authors:"," *   Takayuki Hasegawa <takayuki.hasegawa@gree.net>"," */","","\"use strict\";","","/**"," * Module dependencies."," */","var Bytes = require('../util/bytes');","","/**"," * A bit comparator which performs the specified bitwise operation on each of the bytes"," * with the specified byte array. Then returns whether the result is non-zero."," */","function BitComparator(value, bitOperator) {","  if (!Buffer.isBuffer(value)) {","    value = new Buffer(value);","  }","  this.value = value;","  this.bitOperator = bitOperator;","}","","BitComparator.BitwiseOp = {","  AND: 'AND',","  OR: 'OR',","  XOR: 'XOR'","};","","BitComparator.classname = 'org.apache.hadoop.hbase.filter.BitComparator';","","BitComparator.prototype.toString = function () {","  return 'BitComparator(value: ' + this.value + ', bitOperator: ' + this.bitOperator + ')';","};","","BitComparator.prototype.write = function (out) {","  Bytes.writeByteArray(out, this.value);","  out.writeUTF(this.bitOperator);","};","","module.exports = BitComparator;",""],"l":{"15":1,"21":1,"22":0,"23":0,"25":0,"26":0,"29":1,"35":1,"37":1,"38":0,"41":1,"42":0,"43":0,"46":1}},"/home/travis/build/npmtest/node-npmtest-hbase-client/node_modules/hbase-client/lib/filters/null_comparator.js":{"path":"/home/travis/build/npmtest/node-npmtest-hbase-client/node_modules/hbase-client/lib/filters/null_comparator.js","s":{"1":1,"2":1,"3":0,"4":1,"5":1,"6":0,"7":1,"8":0,"9":1},"b":{},"f":{"1":0,"2":0,"3":0},"fnMap":{"1":{"name":"NullComparator","line":21,"loc":{"start":{"line":21,"column":0},"end":{"line":21,"column":26}}},"2":{"name":"(anonymous_2)","line":27,"loc":{"start":{"line":27,"column":36},"end":{"line":27,"column":48}}},"3":{"name":"(anonymous_3)","line":31,"loc":{"start":{"line":31,"column":33},"end":{"line":31,"column":48}}}},"statementMap":{"1":{"start":{"line":15,"column":0},"end":{"line":15,"column":37}},"2":{"start":{"line":21,"column":0},"end":{"line":23,"column":1}},"3":{"start":{"line":22,"column":2},"end":{"line":22,"column":29}},"4":{"start":{"line":25,"column":0},"end":{"line":25,"column":75}},"5":{"start":{"line":27,"column":0},"end":{"line":29,"column":2}},"6":{"start":{"line":28,"column":2},"end":{"line":28,"column":26}},"7":{"start":{"line":31,"column":0},"end":{"line":33,"column":2}},"8":{"start":{"line":32,"column":2},"end":{"line":32,"column":31}},"9":{"start":{"line":35,"column":0},"end":{"line":35,"column":32}}},"branchMap":{},"code":["/**!"," * node-hbase-client - lib/filters/null_comparator.js"," *"," *"," *"," * Authors:"," *   Takayuki Hasegawa <takayuki.hasegawa@gree.net>"," */","","\"use strict\";","","/**"," * Module dependencies."," */","var Bytes = require('../util/bytes');","","/**"," * A binary comparator which lexicographically compares against the specified"," * byte array using {@link org.apache.hadoop.hbase.util.Bytes#compareTo(byte[], byte[])}."," */","function NullComparator() {","  this.value = new Buffer(0);","}","","NullComparator.classname = 'org.apache.hadoop.hbase.filter.NullComparator';","","NullComparator.prototype.toString = function () {","  return 'NullComparator';","};","","NullComparator.prototype.write = function (out) {","  Bytes.writeByteArray(out, 0);","};","","module.exports = NullComparator;",""],"l":{"15":1,"21":1,"22":0,"25":1,"27":1,"28":0,"31":1,"32":0,"35":1}},"/home/travis/build/npmtest/node-npmtest-hbase-client/node_modules/hbase-client/lib/filters/regex_string_comparator.js":{"path":"/home/travis/build/npmtest/node-npmtest-hbase-client/node_modules/hbase-client/lib/filters/regex_string_comparator.js","s":{"1":1,"2":1,"3":0,"4":0,"5":0,"6":0,"7":1,"8":1,"9":0,"10":1,"11":0,"12":1,"13":0,"14":0,"15":1},"b":{"1":[0,0]},"f":{"1":0,"2":0,"3":0,"4":0},"fnMap":{"1":{"name":"RegexStringComparator","line":39,"loc":{"start":{"line":39,"column":0},"end":{"line":39,"column":37}}},"2":{"name":"(anonymous_2)","line":49,"loc":{"start":{"line":49,"column":43},"end":{"line":49,"column":55}}},"3":{"name":"(anonymous_3)","line":53,"loc":{"start":{"line":53,"column":45},"end":{"line":53,"column":64}}},"4":{"name":"(anonymous_4)","line":57,"loc":{"start":{"line":57,"column":40},"end":{"line":57,"column":55}}}},"statementMap":{"1":{"start":{"line":15,"column":0},"end":{"line":15,"column":37}},"2":{"start":{"line":39,"column":0},"end":{"line":45,"column":1}},"3":{"start":{"line":40,"column":2},"end":{"line":42,"column":3}},"4":{"start":{"line":41,"column":4},"end":{"line":41,"column":28}},"5":{"start":{"line":43,"column":2},"end":{"line":43,"column":22}},"6":{"start":{"line":44,"column":2},"end":{"line":44,"column":25}},"7":{"start":{"line":47,"column":0},"end":{"line":47,"column":89}},"8":{"start":{"line":49,"column":0},"end":{"line":51,"column":2}},"9":{"start":{"line":50,"column":2},"end":{"line":50,"column":95}},"10":{"start":{"line":53,"column":0},"end":{"line":55,"column":2}},"11":{"start":{"line":54,"column":2},"end":{"line":54,"column":25}},"12":{"start":{"line":57,"column":0},"end":{"line":60,"column":2}},"13":{"start":{"line":58,"column":2},"end":{"line":58,"column":29}},"14":{"start":{"line":59,"column":2},"end":{"line":59,"column":29}},"15":{"start":{"line":62,"column":0},"end":{"line":62,"column":39}}},"branchMap":{"1":{"line":40,"type":"if","locations":[{"start":{"line":40,"column":2},"end":{"line":40,"column":2}},{"start":{"line":40,"column":2},"end":{"line":40,"column":2}}]}},"code":["/**!"," * node-hbase-client - lib/filters/regex_string_comparator.js"," *"," *"," *"," * Authors:"," *   Takayuki Hasegawa <takayuki.hasegawa@gree.net>"," */","","\"use strict\";","","/**"," * Module dependencies."," */","var Bytes = require('../util/bytes');","","/**"," * This comparator is for use with {@link CompareFilter} implementations, such"," * as {@link RowFilter}, {@link QualifierFilter}, and {@link ValueFilter}, for"," * filtering based on the value of a given column. Use it to test if a given"," * regular expression matches a cell value in the column."," * <p>"," * Only EQUAL or NOT_EQUAL comparisons are valid with this comparator."," * <p>"," * For example:"," * <p>"," * <pre>"," * ValueFilter vf = new ValueFilter(CompareOp.EQUAL,"," *     new RegexStringComparator("," *       // v4 IP address"," *       \"(((25[0-5]|2[0-4][0-9]|[01]?[0-9][0-9]?)\\\\.){3,3}\" +"," *         \"(25[0-5]|2[0-4][0-9]|[01]?[0-9][0-9]?))(\\\\/[0-9]+)?\" +"," *         \"|\" +"," *       // v6 IP address"," *       \"((([\\\\dA-Fa-f]{1,4}:){7}[\\\\dA-Fa-f]{1,4})(:([\\\\d]{1,3}.)\" +"," *         \"{3}[\\\\d]{1,3})?)(\\\\/[0-9]+)?\"));"," * </pre>"," */","function RegexStringComparator(expr) {","  if (!Buffer.isBuffer(expr)) {","    expr = new Buffer(expr);","  }","  this.pattern = expr;","  this.charset = \"UTF-8\";","}","","RegexStringComparator.classname = 'org.apache.hadoop.hbase.filter.RegexStringComparator';","","RegexStringComparator.prototype.toString = function () {","  return 'RegexStringComparator(pattern: ' + this.pattern + ', charset: ' + this.charset + ')';","};","","RegexStringComparator.prototype.setCharset = function (charset) {","  this.charset = charset;","};","","RegexStringComparator.prototype.write = function (out) {","  out.writeUTF(this.pattern);","  out.writeUTF(this.charset);","};","","module.exports = RegexStringComparator;",""],"l":{"15":1,"39":1,"40":0,"41":0,"43":0,"44":0,"47":1,"49":1,"50":0,"53":1,"54":0,"57":1,"58":0,"59":0,"62":1}},"/home/travis/build/npmtest/node-npmtest-hbase-client/node_modules/hbase-client/lib/filters/substring_comparator.js":{"path":"/home/travis/build/npmtest/node-npmtest-hbase-client/node_modules/hbase-client/lib/filters/substring_comparator.js","s":{"1":1,"2":1,"3":0,"4":0,"5":0,"6":1,"7":1,"8":0,"9":1,"10":0,"11":1},"b":{"1":[0,0]},"f":{"1":0,"2":0,"3":0},"fnMap":{"1":{"name":"SubstringComparator","line":24,"loc":{"start":{"line":24,"column":0},"end":{"line":24,"column":37}}},"2":{"name":"(anonymous_2)","line":33,"loc":{"start":{"line":33,"column":41},"end":{"line":33,"column":53}}},"3":{"name":"(anonymous_3)","line":37,"loc":{"start":{"line":37,"column":38},"end":{"line":37,"column":53}}}},"statementMap":{"1":{"start":{"line":15,"column":0},"end":{"line":15,"column":37}},"2":{"start":{"line":24,"column":0},"end":{"line":29,"column":1}},"3":{"start":{"line":25,"column":2},"end":{"line":27,"column":3}},"4":{"start":{"line":26,"column":4},"end":{"line":26,"column":46}},"5":{"start":{"line":28,"column":2},"end":{"line":28,"column":23}},"6":{"start":{"line":31,"column":0},"end":{"line":31,"column":85}},"7":{"start":{"line":33,"column":0},"end":{"line":35,"column":2}},"8":{"start":{"line":34,"column":2},"end":{"line":34,"column":60}},"9":{"start":{"line":37,"column":0},"end":{"line":39,"column":2}},"10":{"start":{"line":38,"column":2},"end":{"line":38,"column":28}},"11":{"start":{"line":41,"column":0},"end":{"line":41,"column":37}}},"branchMap":{"1":{"line":25,"type":"if","locations":[{"start":{"line":25,"column":2},"end":{"line":25,"column":2}},{"start":{"line":25,"column":2},"end":{"line":25,"column":2}}]}},"code":["/**!"," * node-hbase-client - lib/filters/substring_comparator.js"," *"," *"," *"," * Authors:"," *   Takayuki Hasegawa <takayuki.hasegawa@gree.net>"," */","","\"use strict\";","","/**"," * Module dependencies."," */","var Bytes = require('../util/bytes');","","/**"," * This comparator is for use with SingleColumnValueFilter, for filtering based on"," * the value of a given column. Use it to test if a given substring appears"," * in a cell value in the column. The comparison is case insensitive."," * <p>"," * Only EQUAL or NOT_EQUAL tests are valid with this comparator."," */","function SubstringComparator(substr) {","  if (!Buffer.isBuffer(substr)) {","    substr = new Buffer(substr.toLowerCase());","  }","  this.substr = substr;","}","","SubstringComparator.classname = 'org.apache.hadoop.hbase.filter.SubstringComparator';","","SubstringComparator.prototype.toString = function () {","  return 'SubstringComparator(substr: ' + this.substr + ')';","};","","SubstringComparator.prototype.write = function (out) {","  out.writeUTF(this.substr);","};","","module.exports = SubstringComparator;",""],"l":{"15":1,"24":1,"25":0,"26":0,"28":0,"31":1,"33":1,"34":0,"37":1,"38":0,"41":1}},"/home/travis/build/npmtest/node-npmtest-hbase-client/node_modules/hbase-client/lib/filters/row.js":{"path":"/home/travis/build/npmtest/node-npmtest-hbase-client/node_modules/hbase-client/lib/filters/row.js","s":{"1":1,"2":1,"3":1,"4":0,"5":0,"6":0,"7":0,"8":0,"9":0,"10":1,"11":1,"12":0,"13":0,"14":1,"15":0,"16":0,"17":1,"18":0,"19":1},"b":{"1":[0,0],"2":[0,0]},"f":{"1":0,"2":0,"3":0,"4":0,"5":0},"fnMap":{"1":{"name":"RowFilter","line":29,"loc":{"start":{"line":29,"column":0},"end":{"line":29,"column":37}}},"2":{"name":"(anonymous_2)","line":42,"loc":{"start":{"line":42,"column":28},"end":{"line":42,"column":43}}},"3":{"name":"(anonymous_3)","line":47,"loc":{"start":{"line":47,"column":31},"end":{"line":47,"column":43}}},"4":{"name":"(anonymous_4)","line":48,"loc":{"start":{"line":48,"column":19},"end":{"line":48,"column":30}}},"5":{"name":"(anonymous_5)","line":51,"loc":{"start":{"line":51,"column":31},"end":{"line":51,"column":43}}}},"statementMap":{"1":{"start":{"line":15,"column":0},"end":{"line":15,"column":65}},"2":{"start":{"line":16,"column":0},"end":{"line":16,"column":54}},"3":{"start":{"line":29,"column":0},"end":{"line":38,"column":1}},"4":{"start":{"line":30,"column":2},"end":{"line":32,"column":3}},"5":{"start":{"line":31,"column":4},"end":{"line":31,"column":30}},"6":{"start":{"line":33,"column":2},"end":{"line":35,"column":3}},"7":{"start":{"line":34,"column":4},"end":{"line":34,"column":40}},"8":{"start":{"line":36,"column":2},"end":{"line":36,"column":29}},"9":{"start":{"line":37,"column":2},"end":{"line":37,"column":26}},"10":{"start":{"line":40,"column":0},"end":{"line":40,"column":65}},"11":{"start":{"line":42,"column":0},"end":{"line":45,"column":2}},"12":{"start":{"line":43,"column":2},"end":{"line":43,"column":31}},"13":{"start":{"line":44,"column":2},"end":{"line":44,"column":74}},"14":{"start":{"line":47,"column":0},"end":{"line":49,"column":2}},"15":{"start":{"line":48,"column":2},"end":{"line":48,"column":61}},"16":{"start":{"line":48,"column":31},"end":{"line":48,"column":58}},"17":{"start":{"line":51,"column":0},"end":{"line":53,"column":2}},"18":{"start":{"line":52,"column":2},"end":{"line":52,"column":93}},"19":{"start":{"line":55,"column":0},"end":{"line":55,"column":27}}},"branchMap":{"1":{"line":30,"type":"if","locations":[{"start":{"line":30,"column":2},"end":{"line":30,"column":2}},{"start":{"line":30,"column":2},"end":{"line":30,"column":2}}]},"2":{"line":33,"type":"if","locations":[{"start":{"line":33,"column":2},"end":{"line":33,"column":2}},{"start":{"line":33,"column":2},"end":{"line":33,"column":2}}]}},"code":["/**!"," * node-hbase-client - lib/filters/row.js"," *"," *"," *"," * Authors:"," *   David Boyer <dave.github@yougeezer.co.uk>"," */","","\"use strict\";","","/**"," * Module dependencies."," */","var HbaseObjectWritable = require('../io/hbase_object_writable');","var BinaryComparator = require('./binary_comparator');","","/**"," * This filter is used to filter rows based on another filter. It takes a {@link CompareFilter.CompareOp}"," * operator (equal, greater, not equal, etc), and either a byte [] value or"," * a WritableByteArrayComparable."," * <p>"," * If we have a byte [] value then we just do a lexicographic compare. For"," * example, if passed value is 'b' and cell has 'a' and the compare operator"," * is LESS, then we will filter out this cell (return true).  If this is not"," * sufficient (eg you want to deserialize a long and then compare it to a fixed"," * long value), then you can pass in your own comparator instead."," */","function RowFilter(compareOp, value) {","  if (typeof value === \"string\") {","    value = new Buffer(value);","  }","  if (Buffer.isBuffer(value)) {","    value = new BinaryComparator(value);","  }","  this.compareOp = compareOp;","  this.comparator = value;","}","","RowFilter.classname = 'org.apache.hadoop.hbase.filter.RowFilter';","","RowFilter.prototype.write = function (out) {","  out.writeUTF(this.compareOp);","  HbaseObjectWritable.writeObject(out, this.comparator, 'Writable.class');","};","","RowFilter.prototype.getClass = function () {","  return {getName: function() {return RowFilter.classname;}};","};","","RowFilter.prototype.toString = function () {","  return 'RowFilter(compareOp: ' + this.compareOp + ', comparator: ' + this.comparator + ')';","};","","module.exports = RowFilter;",""],"l":{"15":1,"16":1,"29":1,"30":0,"31":0,"33":0,"34":0,"36":0,"37":0,"40":1,"42":1,"43":0,"44":0,"47":1,"48":0,"51":1,"52":0,"55":1}}}